<?xml version="1.0" encoding="UTF-8" ?>
<testsuite time="0.578" skipped="0" name="com.google.common.reflect.InvokableTest" tests="62" errors="0" failures="0">
  <properties>
[...]
</properties>
  <testcase classname="com.google.common.reflect.InvokableTest" name="testOverridableMethod" time="0.006"/>
  <testcase classname="com.google.common.reflect.InvokableTest" time="0.01" name="testAnonymousClassInConstructor"/>
  <testcase name="testPrivateMethod" classname="com.google.common.reflect.InvokableTest" time="0"/>
  <testcase time="0" name="testMethod_isVarArgs" classname="com.google.common.reflect.InvokableTest"/>
  <testcase name="testUnannotatedMethod" time="0" classname="com.google.common.reflect.InvokableTest"/>
  <testcase classname="com.google.common.reflect.InvokableTest" time="0.013" name="testConstructor_returning"/>
  <testcase time="0" classname="com.google.common.reflect.InvokableTest" name="testNonFinalMethodInFinalClass_isOverridable"/>
  <testcase classname="com.google.common.reflect.InvokableTest" name="testInstanceMethod_invalidReturning" time="0.016"/>
  <testcase time="0.001" name="testStaticMethod_isOverridable" classname="com.google.common.reflect.InvokableTest"/>
  <testcase name="testLocalClassWithSeeminglyHiddenThisInStaticInitializer_BUG" time="0" classname="com.google.common.reflect.InvokableTest"/>
  <testcase classname="com.google.common.reflect.InvokableTest" name="testInstanceMethod_returnType" time="0"/>
  <testcase classname="com.google.common.reflect.InvokableTest" name="testAnonymousClassDefaultConstructor" time="0.001"/>
  <testcase name="testConstructor_call" time="0" classname="com.google.common.reflect.InvokableTest"/>
  <testcase time="0" name="testConstructor_isVarArgs" classname="com.google.common.reflect.InvokableTest"/>
  <testcase name="testNulls" classname="com.google.common.reflect.InvokableTest" time="0.45"/>
  <testcase time="0.007" classname="com.google.common.reflect.InvokableTest" name="testConstructor_typeParameters"/>
  <testcase name="testNativeMethod" time="0" classname="com.google.common.reflect.InvokableTest"/>
  <testcase classname="com.google.common.reflect.InvokableTest" time="0.006" name="testConstructor_parameters"/>
  <testcase time="0.001" classname="com.google.common.reflect.InvokableTest" name="testInstanceMethod_returning"/>
  <testcase time="0" classname="com.google.common.reflect.InvokableTest" name="testConstructor_isOverridablel"/>
  <testcase name="testInnerClassWithOneParameterConstructor" classname="com.google.common.reflect.InvokableTest" time="0.001"/>
  <testcase time="0" classname="com.google.common.reflect.InvokableTest" name="testLocalClassWithAnnotatedConstructorParameter"/>
  <testcase time="0" name="testConstructor_invalidReturning" classname="com.google.common.reflect.InvokableTest"/>
  <testcase name="testInstanceMethod_typeParameters" classname="com.google.common.reflect.InvokableTest" time="0"/>
  <testcase classname="com.google.common.reflect.InvokableTest" name="testInnerClassWithGenericConstructorParameter" time="0.001"/>
  <testcase name="testStaticAnonymousClassDefaultConstructor" time="0" classname="com.google.common.reflect.InvokableTest"/>
  <testcase classname="com.google.common.reflect.InvokableTest" time="0" name="testPrivateFinalInstanceMethod_isOverridable"/>
  <testcase classname="com.google.common.reflect.InvokableTest" time="0" name="testGetOwnerType_constructor"/>
  <testcase time="0" classname="com.google.common.reflect.InvokableTest" name="testPrivateInstanceMethod_isOverridable"/>
  <testcase name="testStaticMethod_invalidReturning" time="0" classname="com.google.common.reflect.InvokableTest"/>
  <testcase classname="com.google.common.reflect.InvokableTest" time="0" name="testStaticMethod_parameters"/>
  <testcase classname="com.google.common.reflect.InvokableTest" name="testStaticFinalMethod_isFinal" time="0"/>
  <testcase time="0" name="testConstructor_exceptionTypes" classname="com.google.common.reflect.InvokableTest"/>
  <testcase classname="com.google.common.reflect.InvokableTest" name="testGetOwnerType_method" time="0"/>
  <testcase name="testStaticMethod_typeParameters" time="0" classname="com.google.common.reflect.InvokableTest"/>
  <testcase name="testConstructor_returnType" classname="com.google.common.reflect.InvokableTest" time="0"/>
  <testcase name="testInstanceMethod_returningRawType" time="0" classname="com.google.common.reflect.InvokableTest"/>
  <testcase time="0" name="testSynchronizedMethod" classname="com.google.common.reflect.InvokableTest"/>
  <testcase name="testLocalClassInStaticInitializer" classname="com.google.common.reflect.InvokableTest" time="0.001"/>
  <testcase time="0" classname="com.google.common.reflect.InvokableTest" name="testInstanceMethod_exceptionTypes"/>
  <testcase time="0.001" classname="com.google.common.reflect.InvokableTest" name="testLocalClassInInstanceInitializer"/>
  <testcase time="0" name="testStaticMethod_returnType" classname="com.google.common.reflect.InvokableTest"/>
  <testcase name="testLocalClassDefaultConstructor" classname="com.google.common.reflect.InvokableTest" time="0"/>
  <testcase name="testInnerClassDefaultConstructor" classname="com.google.common.reflect.InvokableTest" time="0"/>
  <testcase name="testAbstractMethod" classname="com.google.common.reflect.InvokableTest" time="0.001"/>
  <testcase time="0" name="testNestedInnerClassDefaultConstructor" classname="com.google.common.reflect.InvokableTest"/>
  <testcase classname="com.google.common.reflect.InvokableTest" time="0" name="testLocalClassWithOneParameterConstructor"/>
  <testcase classname="com.google.common.reflect.InvokableTest" time="0.001" name="testConstructor_returnType_hasTypeParameter"/>
  <testcase name="testStaticMethod_exceptionTypes" classname="com.google.common.reflect.InvokableTest" time="0"/>
  <testcase classname="com.google.common.reflect.InvokableTest" time="0" name="testLocalClassWithGenericConstructorParameter"/>
  <testcase name="testInnerClassWithAnnotatedConstructorParameter" time="0" classname="com.google.common.reflect.InvokableTest"/>
  <testcase name="testStaticMethod_returningRawType" classname="com.google.common.reflect.InvokableTest" time="0.001"/>
  <testcase classname="com.google.common.reflect.InvokableTest" time="0" name="testStaticMethod_call"/>
  <testcase time="0" name="testFinalMethod" classname="com.google.common.reflect.InvokableTest"/>
  <testcase name="testEquals" time="0.001" classname="com.google.common.reflect.InvokableTest"/>
  <testcase classname="com.google.common.reflect.InvokableTest" name="testProtectedMethod" time="0"/>
  <testcase name="testAnonymousClassWithTwoParametersConstructor" classname="com.google.common.reflect.InvokableTest" time="0.001"/>
  <testcase classname="com.google.common.reflect.InvokableTest" name="testStaticMethod_returning" time="0"/>
  <testcase name="testInstanceMethod_call" time="0" classname="com.google.common.reflect.InvokableTest"/>
  <testcase name="testConstructor" classname="com.google.common.reflect.InvokableTest" time="0"/>
  <testcase classname="com.google.common.reflect.InvokableTest" time="0.002" name="testInstanceMethod_parameters"/>
  <testcase time="0.007" name="testApiCompatibleWithAccessibleObject" classname="com.google.common.reflect.InvokableTest"/>
</testsuite>