<?xml version="1.0" encoding="UTF-8" ?>
<testsuite errors="0" skipped="0" failures="1" name="com.google.common.reflect.InvokableTest" time="0.212" tests="52">
  <properties>
[...]
</properties>
  <testcase name="testAnonymousClassInConstructor" time="0.015" classname="com.google.common.reflect.InvokableTest"/>
  <testcase classname="com.google.common.reflect.InvokableTest" name="testMethod_isVarArgs" time="0"/>
  <testcase classname="com.google.common.reflect.InvokableTest" time="0.01" name="testConstructor_returning"/>
  <testcase classname="com.google.common.reflect.InvokableTest" time="0.003" name="testNonFinalMethodInFinalClass_isOverridable"/>
  <testcase time="0.013" name="testInstanceMethod_invalidReturning" classname="com.google.common.reflect.InvokableTest"/>
  <testcase name="testStaticMethod_isOverridable" time="0" classname="com.google.common.reflect.InvokableTest"/>
  <testcase time="0" name="testLocalClassWithSeeminglyHiddenThisInStaticInitializer_BUG" classname="com.google.common.reflect.InvokableTest"/>
  <testcase time="0" classname="com.google.common.reflect.InvokableTest" name="testInstanceMethod_returnType"/>
  <testcase time="0" name="testAnonymousClassDefaultConstructor" classname="com.google.common.reflect.InvokableTest"/>
  <testcase time="0" classname="com.google.common.reflect.InvokableTest" name="testConstructor_call"/>
  <testcase time="0" classname="com.google.common.reflect.InvokableTest" name="testConstructor_isVarArgs"/>
  <testcase time="0.095" name="testNulls" classname="com.google.common.reflect.InvokableTest"/>
  <testcase classname="com.google.common.reflect.InvokableTest" name="testConstructor_typeParameters" time="0.006"/>
  <testcase name="testConstructor_parameters" time="0" classname="com.google.common.reflect.InvokableTest"/>
  <testcase classname="com.google.common.reflect.InvokableTest" name="testInstanceMethod_returning" time="0.01"/>
  <testcase name="testConstructor_isOverridablel" time="0" classname="com.google.common.reflect.InvokableTest"/>
  <testcase classname="com.google.common.reflect.InvokableTest" time="0" name="testInnerClassWithOneParameterConstructor"/>
  <testcase name="testLocalClassWithAnnotatedConstructorParameter" time="0" classname="com.google.common.reflect.InvokableTest"/>
  <testcase name="testConstructor_invalidReturning" time="0" classname="com.google.common.reflect.InvokableTest"/>
  <testcase classname="com.google.common.reflect.InvokableTest" time="0" name="testInstanceMethod_typeParameters"/>
  <testcase classname="com.google.common.reflect.InvokableTest" time="0" name="testInnerClassWithGenericConstructorParameter"/>
  <testcase classname="com.google.common.reflect.InvokableTest" time="0" name="testStaticAnonymousClassDefaultConstructor"/>
  <testcase name="testPrivateFinalInstanceMethod_isOverridable" classname="com.google.common.reflect.InvokableTest" time="0"/>
  <testcase name="testGetOwnerType_constructor" classname="com.google.common.reflect.InvokableTest" time="0"/>
  <testcase classname="com.google.common.reflect.InvokableTest" name="testPrivateInstanceMethod_isOverridable" time="0"/>
  <testcase time="0" name="testStaticMethod_invalidReturning" classname="com.google.common.reflect.InvokableTest"/>
  <testcase classname="com.google.common.reflect.InvokableTest" name="testStaticMethod_parameters" time="0"/>
  <testcase name="testStaticFinalMethod_isFinal" time="0" classname="com.google.common.reflect.InvokableTest"/>
  <testcase classname="com.google.common.reflect.InvokableTest" name="testConstructor_exceptionTypes" time="0"/>
  <testcase time="0" name="testGetOwnerType_method" classname="com.google.common.reflect.InvokableTest"/>
  <testcase time="0" name="testStaticMethod_typeParameters" classname="com.google.common.reflect.InvokableTest"/>
  <testcase name="testConstructor_returnType" time="0" classname="com.google.common.reflect.InvokableTest"/>
  <testcase time="0.002" classname="com.google.common.reflect.InvokableTest" name="testInstanceMethod_returningRawType"/>
  <testcase classname="com.google.common.reflect.InvokableTest" name="testLocalClassInStaticInitializer" time="0.001"/>
  <testcase name="testInstanceMethod_exceptionTypes" time="0" classname="com.google.common.reflect.InvokableTest">
    <failure message="expected:&lt;[java.lang.IllegalArgumentException, java.lang.NullPointerException]&gt; but was:&lt;[java.lang.NullPointerException, java.lang.IllegalArgumentException]&gt;" type="junit.framework.AssertionFailedError">junit.framework.AssertionFailedError: expected:&lt;[java.lang.IllegalArgumentException, java.lang.NullPointerException]&gt; but was:&lt;[java.lang.NullPointerException, java.lang.IllegalArgumentException]&gt;
	at junit.framework.Assert.fail(Assert.java:57)
	at junit.framework.Assert.failNotEquals(Assert.java:329)
	at junit.framework.Assert.assertEquals(Assert.java:78)
	at junit.framework.Assert.assertEquals(Assert.java:86)
	at junit.framework.TestCase.assertEquals(TestCase.java:253)
	at com.google.common.reflect.InvokableTest.testInstanceMethod_exceptionTypes(InvokableTest.java:192)
	at sun.reflect.NativeMethodAccessorImpl.invoke0(Native Method)
	at sun.reflect.NativeMethodAccessorImpl.invoke(NativeMethodAccessorImpl.java:62)
	at sun.reflect.DelegatingMethodAccessorImpl.invoke(DelegatingMethodAccessorImpl.java:43)
	at java.lang.reflect.Method.invoke(Method.java:498)
	at junit.framework.TestCase.runTest(TestCase.java:176)
	at junit.framework.TestCase.runBare(TestCase.java:141)
	at junit.framework.TestResult$1.protect(TestResult.java:122)
	at junit.framework.TestResult.runProtected(TestResult.java:142)
	at junit.framework.TestResult.run(TestResult.java:125)
	at junit.framework.TestCase.run(TestCase.java:129)
	at junit.framework.TestSuite.runTest(TestSuite.java:255)
	at junit.framework.TestSuite.run(TestSuite.java:250)
	at org.junit.internal.runners.JUnit38ClassRunner.run(JUnit38ClassRunner.java:84)
	at org.apache.maven.surefire.junit4.JUnit4TestSet.execute(JUnit4TestSet.java:35)
	at org.apache.maven.surefire.junit4.JUnit4Provider.executeTestSet(JUnit4Provider.java:115)
	at org.apache.maven.surefire.junit4.JUnit4Provider.invoke(JUnit4Provider.java:97)
	at sun.reflect.NativeMethodAccessorImpl.invoke0(Native Method)
	at sun.reflect.NativeMethodAccessorImpl.invoke(NativeMethodAccessorImpl.java:62)
	at sun.reflect.DelegatingMethodAccessorImpl.invoke(DelegatingMethodAccessorImpl.java:43)
	at java.lang.reflect.Method.invoke(Method.java:498)
	at org.apache.maven.surefire.booter.ProviderFactory$ClassLoaderProxy.invoke(ProviderFactory.java:103)
	at com.sun.proxy.$Proxy0.invoke(Unknown Source)
	at org.apache.maven.surefire.booter.SurefireStarter.invokeProvider(SurefireStarter.java:150)
	at org.apache.maven.surefire.booter.SurefireStarter.runSuitesInProcess(SurefireStarter.java:91)
	at org.apache.maven.surefire.booter.ForkedBooter.main(ForkedBooter.java:69)
</failure>
  </testcase>
  <testcase classname="com.google.common.reflect.InvokableTest" name="testLocalClassInInstanceInitializer" time="0"/>
  <testcase name="testStaticMethod_returnType" classname="com.google.common.reflect.InvokableTest" time="0"/>
  <testcase name="testLocalClassDefaultConstructor" classname="com.google.common.reflect.InvokableTest" time="0.004"/>
  <testcase classname="com.google.common.reflect.InvokableTest" time="0" name="testInnerClassDefaultConstructor"/>
  <testcase classname="com.google.common.reflect.InvokableTest" time="0" name="testNestedInnerClassDefaultConstructor"/>
  <testcase name="testLocalClassWithOneParameterConstructor" classname="com.google.common.reflect.InvokableTest" time="0"/>
  <testcase time="0.002" classname="com.google.common.reflect.InvokableTest" name="testConstructor_returnType_hasTypeParameter"/>
  <testcase classname="com.google.common.reflect.InvokableTest" time="0" name="testStaticMethod_exceptionTypes"/>
  <testcase time="0" name="testLocalClassWithGenericConstructorParameter" classname="com.google.common.reflect.InvokableTest"/>
  <testcase name="testInnerClassWithAnnotatedConstructorParameter" classname="com.google.common.reflect.InvokableTest" time="0.002"/>
  <testcase name="testStaticMethod_returningRawType" time="0" classname="com.google.common.reflect.InvokableTest"/>
  <testcase classname="com.google.common.reflect.InvokableTest" name="testStaticMethod_call" time="0"/>
  <testcase classname="com.google.common.reflect.InvokableTest" time="0" name="testEquals"/>
  <testcase classname="com.google.common.reflect.InvokableTest" time="0" name="testAnonymousClassWithTwoParametersConstructor"/>
  <testcase classname="com.google.common.reflect.InvokableTest" name="testStaticMethod_returning" time="0.002"/>
  <testcase time="0" classname="com.google.common.reflect.InvokableTest" name="testInstanceMethod_call"/>
  <testcase name="testInstanceMethod_parameters" classname="com.google.common.reflect.InvokableTest" time="0"/>
</testsuite>