<?xml version="1.0" encoding="UTF-8" ?>
<testsuite errors="0" time="0.535" skipped="0" name="com.google.common.reflect.InvokableTest" failures="0" tests="62">
  <properties>
[...]
</properties>
  <testcase classname="com.google.common.reflect.InvokableTest" time="0.007" name="testOverridableMethod"/>
  <testcase time="0.011" name="testAnonymousClassInConstructor" classname="com.google.common.reflect.InvokableTest"/>
  <testcase classname="com.google.common.reflect.InvokableTest" time="0" name="testPrivateMethod"/>
  <testcase time="0" name="testMethod_isVarArgs" classname="com.google.common.reflect.InvokableTest"/>
  <testcase name="testUnannotatedMethod" classname="com.google.common.reflect.InvokableTest" time="0"/>
  <testcase time="0.01" name="testConstructor_returning" classname="com.google.common.reflect.InvokableTest"/>
  <testcase name="testNonFinalMethodInFinalClass_isOverridable" time="0" classname="com.google.common.reflect.InvokableTest"/>
  <testcase name="testInstanceMethod_invalidReturning" time="0.009" classname="com.google.common.reflect.InvokableTest"/>
  <testcase name="testStaticMethod_isOverridable" classname="com.google.common.reflect.InvokableTest" time="0"/>
  <testcase classname="com.google.common.reflect.InvokableTest" name="testLocalClassWithSeeminglyHiddenThisInStaticInitializer_BUG" time="0.008"/>
  <testcase classname="com.google.common.reflect.InvokableTest" time="0" name="testInstanceMethod_returnType"/>
  <testcase time="0.001" classname="com.google.common.reflect.InvokableTest" name="testAnonymousClassDefaultConstructor"/>
  <testcase classname="com.google.common.reflect.InvokableTest" time="0" name="testConstructor_call"/>
  <testcase time="0" classname="com.google.common.reflect.InvokableTest" name="testConstructor_isVarArgs"/>
  <testcase time="0.421" name="testNulls" classname="com.google.common.reflect.InvokableTest"/>
  <testcase name="testConstructor_typeParameters" classname="com.google.common.reflect.InvokableTest" time="0.009"/>
  <testcase name="testNativeMethod" time="0" classname="com.google.common.reflect.InvokableTest"/>
  <testcase time="0" name="testConstructor_parameters" classname="com.google.common.reflect.InvokableTest"/>
  <testcase name="testInstanceMethod_returning" classname="com.google.common.reflect.InvokableTest" time="0"/>
  <testcase time="0" name="testConstructor_isOverridablel" classname="com.google.common.reflect.InvokableTest"/>
  <testcase name="testInnerClassWithOneParameterConstructor" time="0.007" classname="com.google.common.reflect.InvokableTest"/>
  <testcase name="testLocalClassWithAnnotatedConstructorParameter" classname="com.google.common.reflect.InvokableTest" time="0.002"/>
  <testcase time="0" classname="com.google.common.reflect.InvokableTest" name="testConstructor_invalidReturning"/>
  <testcase time="0" name="testInstanceMethod_typeParameters" classname="com.google.common.reflect.InvokableTest"/>
  <testcase classname="com.google.common.reflect.InvokableTest" name="testInnerClassWithGenericConstructorParameter" time="0"/>
  <testcase name="testStaticAnonymousClassDefaultConstructor" time="0.001" classname="com.google.common.reflect.InvokableTest"/>
  <testcase time="0" name="testPrivateFinalInstanceMethod_isOverridable" classname="com.google.common.reflect.InvokableTest"/>
  <testcase classname="com.google.common.reflect.InvokableTest" time="0" name="testGetOwnerType_constructor"/>
  <testcase time="0" name="testPrivateInstanceMethod_isOverridable" classname="com.google.common.reflect.InvokableTest"/>
  <testcase name="testStaticMethod_invalidReturning" time="0" classname="com.google.common.reflect.InvokableTest"/>
  <testcase name="testStaticMethod_parameters" time="0.001" classname="com.google.common.reflect.InvokableTest"/>
  <testcase time="0" classname="com.google.common.reflect.InvokableTest" name="testStaticFinalMethod_isFinal"/>
  <testcase name="testConstructor_exceptionTypes" classname="com.google.common.reflect.InvokableTest" time="0"/>
  <testcase classname="com.google.common.reflect.InvokableTest" name="testGetOwnerType_method" time="0"/>
  <testcase name="testStaticMethod_typeParameters" time="0.001" classname="com.google.common.reflect.InvokableTest"/>
  <testcase time="0" name="testConstructor_returnType" classname="com.google.common.reflect.InvokableTest"/>
  <testcase time="0" classname="com.google.common.reflect.InvokableTest" name="testInstanceMethod_returningRawType"/>
  <testcase time="0" classname="com.google.common.reflect.InvokableTest" name="testSynchronizedMethod"/>
  <testcase name="testLocalClassInStaticInitializer" classname="com.google.common.reflect.InvokableTest" time="0"/>
  <testcase classname="com.google.common.reflect.InvokableTest" name="testInstanceMethod_exceptionTypes" time="0"/>
  <testcase name="testLocalClassInInstanceInitializer" time="0" classname="com.google.common.reflect.InvokableTest"/>
  <testcase name="testStaticMethod_returnType" classname="com.google.common.reflect.InvokableTest" time="0"/>
  <testcase time="0.001" name="testLocalClassDefaultConstructor" classname="com.google.common.reflect.InvokableTest"/>
  <testcase name="testInnerClassDefaultConstructor" classname="com.google.common.reflect.InvokableTest" time="0"/>
  <testcase classname="com.google.common.reflect.InvokableTest" time="0" name="testAbstractMethod"/>
  <testcase time="0" classname="com.google.common.reflect.InvokableTest" name="testNestedInnerClassDefaultConstructor"/>
  <testcase classname="com.google.common.reflect.InvokableTest" name="testLocalClassWithOneParameterConstructor" time="0.001"/>
  <testcase time="0" name="testConstructor_returnType_hasTypeParameter" classname="com.google.common.reflect.InvokableTest"/>
  <testcase name="testStaticMethod_exceptionTypes" time="0" classname="com.google.common.reflect.InvokableTest"/>
  <testcase name="testLocalClassWithGenericConstructorParameter" time="0.001" classname="com.google.common.reflect.InvokableTest"/>
  <testcase name="testInnerClassWithAnnotatedConstructorParameter" classname="com.google.common.reflect.InvokableTest" time="0"/>
  <testcase classname="com.google.common.reflect.InvokableTest" time="0" name="testStaticMethod_returningRawType"/>
  <testcase time="0" name="testStaticMethod_call" classname="com.google.common.reflect.InvokableTest"/>
  <testcase classname="com.google.common.reflect.InvokableTest" time="0" name="testFinalMethod"/>
  <testcase time="0.001" classname="com.google.common.reflect.InvokableTest" name="testEquals"/>
  <testcase time="0" name="testProtectedMethod" classname="com.google.common.reflect.InvokableTest"/>
  <testcase name="testAnonymousClassWithTwoParametersConstructor" classname="com.google.common.reflect.InvokableTest" time="0"/>
  <testcase name="testStaticMethod_returning" time="0.001" classname="com.google.common.reflect.InvokableTest"/>
  <testcase time="0" classname="com.google.common.reflect.InvokableTest" name="testInstanceMethod_call"/>
  <testcase classname="com.google.common.reflect.InvokableTest" name="testConstructor" time="0.001"/>
  <testcase classname="com.google.common.reflect.InvokableTest" time="0.001" name="testInstanceMethod_parameters"/>
  <testcase classname="com.google.common.reflect.InvokableTest" time="0.003" name="testApiCompatibleWithAccessibleObject"/>
</testsuite>