<?xml version="1.0" encoding="UTF-8" ?>
<testsuite tests="52" failures="0" name="com.google.common.reflect.InvokableTest" time="0.196" errors="0" skipped="0">
  <properties>
[...]
</properties>
  <testcase classname="com.google.common.reflect.InvokableTest" name="testAnonymousClassInConstructor" time="0.015"/>
  <testcase classname="com.google.common.reflect.InvokableTest" name="testMethod_isVarArgs" time="0"/>
  <testcase classname="com.google.common.reflect.InvokableTest" name="testConstructor_returning" time="0.017"/>
  <testcase classname="com.google.common.reflect.InvokableTest" name="testNonFinalMethodInFinalClass_isOverridable" time="0"/>
  <testcase classname="com.google.common.reflect.InvokableTest" name="testInstanceMethod_invalidReturning" time="0.013"/>
  <testcase classname="com.google.common.reflect.InvokableTest" name="testStaticMethod_isOverridable" time="0"/>
  <testcase classname="com.google.common.reflect.InvokableTest" name="testLocalClassWithSeeminglyHiddenThisInStaticInitializer_BUG" time="0"/>
  <testcase classname="com.google.common.reflect.InvokableTest" name="testInstanceMethod_returnType" time="0"/>
  <testcase classname="com.google.common.reflect.InvokableTest" name="testAnonymousClassDefaultConstructor" time="0"/>
  <testcase classname="com.google.common.reflect.InvokableTest" name="testConstructor_call" time="0"/>
  <testcase classname="com.google.common.reflect.InvokableTest" name="testConstructor_isVarArgs" time="0"/>
  <testcase classname="com.google.common.reflect.InvokableTest" name="testNulls" time="0.096"/>
  <testcase classname="com.google.common.reflect.InvokableTest" name="testConstructor_typeParameters" time="0"/>
  <testcase classname="com.google.common.reflect.InvokableTest" name="testConstructor_parameters" time="0"/>
  <testcase classname="com.google.common.reflect.InvokableTest" name="testInstanceMethod_returning" time="0"/>
  <testcase classname="com.google.common.reflect.InvokableTest" name="testConstructor_isOverridablel" time="0"/>
  <testcase classname="com.google.common.reflect.InvokableTest" name="testInnerClassWithOneParameterConstructor" time="0.016"/>
  <testcase classname="com.google.common.reflect.InvokableTest" name="testLocalClassWithAnnotatedConstructorParameter" time="0"/>
  <testcase classname="com.google.common.reflect.InvokableTest" name="testConstructor_invalidReturning" time="0"/>
  <testcase classname="com.google.common.reflect.InvokableTest" name="testInstanceMethod_typeParameters" time="0"/>
  <testcase classname="com.google.common.reflect.InvokableTest" name="testInnerClassWithGenericConstructorParameter" time="0.003"/>
  <testcase classname="com.google.common.reflect.InvokableTest" name="testStaticAnonymousClassDefaultConstructor" time="0"/>
  <testcase classname="com.google.common.reflect.InvokableTest" name="testPrivateFinalInstanceMethod_isOverridable" time="0"/>
  <testcase classname="com.google.common.reflect.InvokableTest" name="testGetOwnerType_constructor" time="0"/>
  <testcase classname="com.google.common.reflect.InvokableTest" name="testPrivateInstanceMethod_isOverridable" time="0"/>
  <testcase classname="com.google.common.reflect.InvokableTest" name="testStaticMethod_invalidReturning" time="0"/>
  <testcase classname="com.google.common.reflect.InvokableTest" name="testStaticMethod_parameters" time="0"/>
  <testcase classname="com.google.common.reflect.InvokableTest" name="testStaticFinalMethod_isFinal" time="0"/>
  <testcase classname="com.google.common.reflect.InvokableTest" name="testConstructor_exceptionTypes" time="0"/>
  <testcase classname="com.google.common.reflect.InvokableTest" name="testGetOwnerType_method" time="0"/>
  <testcase classname="com.google.common.reflect.InvokableTest" name="testStaticMethod_typeParameters" time="0"/>
  <testcase classname="com.google.common.reflect.InvokableTest" name="testConstructor_returnType" time="0"/>
  <testcase classname="com.google.common.reflect.InvokableTest" name="testInstanceMethod_returningRawType" time="0"/>
  <testcase classname="com.google.common.reflect.InvokableTest" name="testLocalClassInStaticInitializer" time="0"/>
  <testcase classname="com.google.common.reflect.InvokableTest" name="testInstanceMethod_exceptionTypes" time="0"/>
  <testcase classname="com.google.common.reflect.InvokableTest" name="testLocalClassInInstanceInitializer" time="0"/>
  <testcase classname="com.google.common.reflect.InvokableTest" name="testStaticMethod_returnType" time="0"/>
  <testcase classname="com.google.common.reflect.InvokableTest" name="testLocalClassDefaultConstructor" time="0"/>
  <testcase classname="com.google.common.reflect.InvokableTest" name="testInnerClassDefaultConstructor" time="0.006"/>
  <testcase classname="com.google.common.reflect.InvokableTest" name="testNestedInnerClassDefaultConstructor" time="0"/>
  <testcase classname="com.google.common.reflect.InvokableTest" name="testLocalClassWithOneParameterConstructor" time="0"/>
  <testcase classname="com.google.common.reflect.InvokableTest" name="testConstructor_returnType_hasTypeParameter" time="0"/>
  <testcase classname="com.google.common.reflect.InvokableTest" name="testStaticMethod_exceptionTypes" time="0"/>
  <testcase classname="com.google.common.reflect.InvokableTest" name="testLocalClassWithGenericConstructorParameter" time="0"/>
  <testcase classname="com.google.common.reflect.InvokableTest" name="testInnerClassWithAnnotatedConstructorParameter" time="0"/>
  <testcase classname="com.google.common.reflect.InvokableTest" name="testStaticMethod_returningRawType" time="0.004"/>
  <testcase classname="com.google.common.reflect.InvokableTest" name="testStaticMethod_call" time="0"/>
  <testcase classname="com.google.common.reflect.InvokableTest" name="testEquals" time="0"/>
  <testcase classname="com.google.common.reflect.InvokableTest" name="testAnonymousClassWithTwoParametersConstructor" time="0"/>
  <testcase classname="com.google.common.reflect.InvokableTest" name="testStaticMethod_returning" time="0"/>
  <testcase classname="com.google.common.reflect.InvokableTest" name="testInstanceMethod_call" time="0"/>
  <testcase classname="com.google.common.reflect.InvokableTest" name="testInstanceMethod_parameters" time="0"/>
</testsuite>