<?xml version="1.0" encoding="UTF-8" ?>
<testsuite name="com.google.common.reflect.InvokableTest" tests="62" skipped="0" time="0.554" errors="0" failures="1">
  <properties>
[...]
</properties>
  <testcase classname="com.google.common.reflect.InvokableTest" time="0.006" name="testOverridableMethod"/>
  <testcase time="0.006" name="testAnonymousClassInConstructor" classname="com.google.common.reflect.InvokableTest"/>
  <testcase name="testPrivateMethod" time="0.002" classname="com.google.common.reflect.InvokableTest"/>
  <testcase time="0" classname="com.google.common.reflect.InvokableTest" name="testMethod_isVarArgs"/>
  <testcase classname="com.google.common.reflect.InvokableTest" name="testUnannotatedMethod" time="0"/>
  <testcase classname="com.google.common.reflect.InvokableTest" time="0.011" name="testConstructor_returning"/>
  <testcase classname="com.google.common.reflect.InvokableTest" time="0" name="testNonFinalMethodInFinalClass_isOverridable"/>
  <testcase time="0.017" name="testInstanceMethod_invalidReturning" classname="com.google.common.reflect.InvokableTest"/>
  <testcase classname="com.google.common.reflect.InvokableTest" time="0" name="testStaticMethod_isOverridable"/>
  <testcase classname="com.google.common.reflect.InvokableTest" time="0.001" name="testLocalClassWithSeeminglyHiddenThisInStaticInitializer_BUG"/>
  <testcase classname="com.google.common.reflect.InvokableTest" name="testInstanceMethod_returnType" time="0"/>
  <testcase time="0.001" classname="com.google.common.reflect.InvokableTest" name="testAnonymousClassDefaultConstructor"/>
  <testcase name="testConstructor_call" time="0" classname="com.google.common.reflect.InvokableTest"/>
  <testcase classname="com.google.common.reflect.InvokableTest" time="0" name="testConstructor_isVarArgs"/>
  <testcase time="0.428" name="testNulls" classname="com.google.common.reflect.InvokableTest"/>
  <testcase time="0.011" classname="com.google.common.reflect.InvokableTest" name="testConstructor_typeParameters"/>
  <testcase classname="com.google.common.reflect.InvokableTest" name="testNativeMethod" time="0"/>
  <testcase classname="com.google.common.reflect.InvokableTest" name="testConstructor_parameters" time="0.005"/>
  <testcase classname="com.google.common.reflect.InvokableTest" time="0.001" name="testInstanceMethod_returning"/>
  <testcase name="testConstructor_isOverridablel" classname="com.google.common.reflect.InvokableTest" time="0.001"/>
  <testcase time="0" classname="com.google.common.reflect.InvokableTest" name="testInnerClassWithOneParameterConstructor"/>
  <testcase time="0.001" name="testLocalClassWithAnnotatedConstructorParameter" classname="com.google.common.reflect.InvokableTest"/>
  <testcase time="0" classname="com.google.common.reflect.InvokableTest" name="testConstructor_invalidReturning"/>
  <testcase time="0.001" classname="com.google.common.reflect.InvokableTest" name="testInstanceMethod_typeParameters"/>
  <testcase classname="com.google.common.reflect.InvokableTest" time="0" name="testInnerClassWithGenericConstructorParameter"/>
  <testcase name="testStaticAnonymousClassDefaultConstructor" time="0" classname="com.google.common.reflect.InvokableTest"/>
  <testcase classname="com.google.common.reflect.InvokableTest" name="testPrivateFinalInstanceMethod_isOverridable" time="0.001"/>
  <testcase time="0" name="testGetOwnerType_constructor" classname="com.google.common.reflect.InvokableTest"/>
  <testcase classname="com.google.common.reflect.InvokableTest" name="testPrivateInstanceMethod_isOverridable" time="0"/>
  <testcase name="testStaticMethod_invalidReturning" classname="com.google.common.reflect.InvokableTest" time="0"/>
  <testcase classname="com.google.common.reflect.InvokableTest" name="testStaticMethod_parameters" time="0"/>
  <testcase classname="com.google.common.reflect.InvokableTest" time="0" name="testStaticFinalMethod_isFinal"/>
  <testcase name="testConstructor_exceptionTypes" classname="com.google.common.reflect.InvokableTest" time="0"/>
  <testcase classname="com.google.common.reflect.InvokableTest" name="testGetOwnerType_method" time="0.001"/>
  <testcase name="testStaticMethod_typeParameters" classname="com.google.common.reflect.InvokableTest" time="0"/>
  <testcase name="testConstructor_returnType" classname="com.google.common.reflect.InvokableTest" time="0"/>
  <testcase time="0.001" classname="com.google.common.reflect.InvokableTest" name="testInstanceMethod_returningRawType"/>
  <testcase time="0" name="testSynchronizedMethod" classname="com.google.common.reflect.InvokableTest"/>
  <testcase time="0" classname="com.google.common.reflect.InvokableTest" name="testLocalClassInStaticInitializer"/>
  <testcase time="0.004" classname="com.google.common.reflect.InvokableTest" name="testInstanceMethod_exceptionTypes">
    <failure type="junit.framework.AssertionFailedError" message="expected:&lt;[java.lang.IllegalArgumentException, java.lang.NullPointerException]&gt; but was:&lt;[java.lang.NullPointerException, java.lang.IllegalArgumentException]&gt;">junit.framework.AssertionFailedError: expected:&lt;[java.lang.IllegalArgumentException, java.lang.NullPointerException]&gt; but was:&lt;[java.lang.NullPointerException, java.lang.IllegalArgumentException]&gt;
	at junit.framework.Assert.fail(Assert.java:57)
	at junit.framework.Assert.failNotEquals(Assert.java:329)
	at junit.framework.Assert.assertEquals(Assert.java:78)
	at junit.framework.Assert.assertEquals(Assert.java:86)
	at junit.framework.TestCase.assertEquals(TestCase.java:246)
	at com.google.common.reflect.InvokableTest.testInstanceMethod_exceptionTypes(InvokableTest.java:369)
	at java.base/jdk.internal.reflect.NativeMethodAccessorImpl.invoke0(Native Method)
	at java.base/jdk.internal.reflect.NativeMethodAccessorImpl.invoke(NativeMethodAccessorImpl.java:62)
	at java.base/jdk.internal.reflect.DelegatingMethodAccessorImpl.invoke(DelegatingMethodAccessorImpl.java:43)
	at java.base/java.lang.reflect.Method.invoke(Method.java:566)
	at junit.framework.TestCase.runTest(TestCase.java:177)
	at junit.framework.TestCase.runBare(TestCase.java:142)
	at junit.framework.TestResult$1.protect(TestResult.java:122)
	at junit.framework.TestResult.runProtected(TestResult.java:142)
	at junit.framework.TestResult.run(TestResult.java:125)
	at junit.framework.TestCase.run(TestCase.java:130)
	at junit.framework.TestSuite.runTest(TestSuite.java:241)
	at junit.framework.TestSuite.run(TestSuite.java:236)
	at org.junit.internal.runners.JUnit38ClassRunner.run(JUnit38ClassRunner.java:90)
	at org.apache.maven.surefire.junit4.JUnit4TestSet.execute(JUnit4TestSet.java:35)
	at org.apache.maven.surefire.junit4.JUnit4Provider.executeTestSet(JUnit4Provider.java:115)
	at org.apache.maven.surefire.junit4.JUnit4Provider.invoke(JUnit4Provider.java:97)
	at java.base/jdk.internal.reflect.NativeMethodAccessorImpl.invoke0(Native Method)
	at java.base/jdk.internal.reflect.NativeMethodAccessorImpl.invoke(NativeMethodAccessorImpl.java:62)
	at java.base/jdk.internal.reflect.DelegatingMethodAccessorImpl.invoke(DelegatingMethodAccessorImpl.java:43)
	at java.base/java.lang.reflect.Method.invoke(Method.java:566)
	at org.apache.maven.surefire.booter.ProviderFactory$ClassLoaderProxy.invoke(ProviderFactory.java:103)
	at com.sun.proxy.$Proxy0.invoke(Unknown Source)
	at org.apache.maven.surefire.booter.SurefireStarter.invokeProvider(SurefireStarter.java:150)
	at org.apache.maven.surefire.booter.SurefireStarter.runSuitesInProcess(SurefireStarter.java:91)
	at org.apache.maven.surefire.booter.ForkedBooter.main(ForkedBooter.java:69)
</failure>
  </testcase>
  <testcase name="testLocalClassInInstanceInitializer" classname="com.google.common.reflect.InvokableTest" time="0"/>
  <testcase name="testStaticMethod_returnType" classname="com.google.common.reflect.InvokableTest" time="0"/>
  <testcase time="0.002" name="testLocalClassDefaultConstructor" classname="com.google.common.reflect.InvokableTest"/>
  <testcase time="0" classname="com.google.common.reflect.InvokableTest" name="testInnerClassDefaultConstructor"/>
  <testcase classname="com.google.common.reflect.InvokableTest" time="0" name="testAbstractMethod"/>
  <testcase time="0" name="testNestedInnerClassDefaultConstructor" classname="com.google.common.reflect.InvokableTest"/>
  <testcase time="0" classname="com.google.common.reflect.InvokableTest" name="testLocalClassWithOneParameterConstructor"/>
  <testcase classname="com.google.common.reflect.InvokableTest" name="testConstructor_returnType_hasTypeParameter" time="0.001"/>
  <testcase name="testStaticMethod_exceptionTypes" classname="com.google.common.reflect.InvokableTest" time="0"/>
  <testcase time="0.001" name="testLocalClassWithGenericConstructorParameter" classname="com.google.common.reflect.InvokableTest"/>
  <testcase time="0" name="testInnerClassWithAnnotatedConstructorParameter" classname="com.google.common.reflect.InvokableTest"/>
  <testcase classname="com.google.common.reflect.InvokableTest" name="testStaticMethod_returningRawType" time="0"/>
  <testcase name="testStaticMethod_call" classname="com.google.common.reflect.InvokableTest" time="0"/>
  <testcase time="0" name="testFinalMethod" classname="com.google.common.reflect.InvokableTest"/>
  <testcase time="0.002" name="testEquals" classname="com.google.common.reflect.InvokableTest"/>
  <testcase time="0" classname="com.google.common.reflect.InvokableTest" name="testProtectedMethod"/>
  <testcase classname="com.google.common.reflect.InvokableTest" name="testAnonymousClassWithTwoParametersConstructor" time="0.001"/>
  <testcase classname="com.google.common.reflect.InvokableTest" time="0.001" name="testStaticMethod_returning"/>
  <testcase time="0" name="testInstanceMethod_call" classname="com.google.common.reflect.InvokableTest"/>
  <testcase time="0" name="testConstructor" classname="com.google.common.reflect.InvokableTest"/>
  <testcase time="0.001" classname="com.google.common.reflect.InvokableTest" name="testInstanceMethod_parameters"/>
  <testcase classname="com.google.common.reflect.InvokableTest" time="0.003" name="testApiCompatibleWithAccessibleObject"/>
</testsuite>