<?xml version="1.0" encoding="UTF-8" ?>
<testsuite failures="1" skipped="0" time="0.594" tests="62" name="com.google.common.reflect.InvokableTest" errors="0">
  <properties>
[...]
</properties>
  <testcase time="0.006" classname="com.google.common.reflect.InvokableTest" name="testOverridableMethod"/>
  <testcase name="testAnonymousClassInConstructor" classname="com.google.common.reflect.InvokableTest" time="0.01"/>
  <testcase classname="com.google.common.reflect.InvokableTest" time="0.001" name="testPrivateMethod"/>
  <testcase time="0" name="testMethod_isVarArgs" classname="com.google.common.reflect.InvokableTest"/>
  <testcase classname="com.google.common.reflect.InvokableTest" time="0" name="testUnannotatedMethod"/>
  <testcase time="0.012" name="testConstructor_returning" classname="com.google.common.reflect.InvokableTest"/>
  <testcase name="testNonFinalMethodInFinalClass_isOverridable" classname="com.google.common.reflect.InvokableTest" time="0.001"/>
  <testcase time="0.016" name="testInstanceMethod_invalidReturning" classname="com.google.common.reflect.InvokableTest"/>
  <testcase name="testStaticMethod_isOverridable" time="0.001" classname="com.google.common.reflect.InvokableTest"/>
  <testcase name="testLocalClassWithSeeminglyHiddenThisInStaticInitializer_BUG" time="0" classname="com.google.common.reflect.InvokableTest"/>
  <testcase name="testInstanceMethod_returnType" classname="com.google.common.reflect.InvokableTest" time="0"/>
  <testcase classname="com.google.common.reflect.InvokableTest" name="testAnonymousClassDefaultConstructor" time="0.001"/>
  <testcase classname="com.google.common.reflect.InvokableTest" time="0" name="testConstructor_call"/>
  <testcase time="0" classname="com.google.common.reflect.InvokableTest" name="testConstructor_isVarArgs"/>
  <testcase classname="com.google.common.reflect.InvokableTest" time="0.456" name="testNulls"/>
  <testcase time="0.008" classname="com.google.common.reflect.InvokableTest" name="testConstructor_typeParameters"/>
  <testcase time="0" name="testNativeMethod" classname="com.google.common.reflect.InvokableTest"/>
  <testcase name="testConstructor_parameters" classname="com.google.common.reflect.InvokableTest" time="0.007"/>
  <testcase name="testInstanceMethod_returning" time="0.001" classname="com.google.common.reflect.InvokableTest"/>
  <testcase time="0" name="testConstructor_isOverridablel" classname="com.google.common.reflect.InvokableTest"/>
  <testcase name="testInnerClassWithOneParameterConstructor" classname="com.google.common.reflect.InvokableTest" time="0.001"/>
  <testcase time="0" name="testLocalClassWithAnnotatedConstructorParameter" classname="com.google.common.reflect.InvokableTest"/>
  <testcase name="testConstructor_invalidReturning" time="0" classname="com.google.common.reflect.InvokableTest"/>
  <testcase name="testInstanceMethod_typeParameters" classname="com.google.common.reflect.InvokableTest" time="0"/>
  <testcase time="0.001" classname="com.google.common.reflect.InvokableTest" name="testInnerClassWithGenericConstructorParameter"/>
  <testcase time="0.001" name="testStaticAnonymousClassDefaultConstructor" classname="com.google.common.reflect.InvokableTest"/>
  <testcase classname="com.google.common.reflect.InvokableTest" name="testPrivateFinalInstanceMethod_isOverridable" time="0"/>
  <testcase name="testGetOwnerType_constructor" time="0" classname="com.google.common.reflect.InvokableTest"/>
  <testcase time="0" name="testPrivateInstanceMethod_isOverridable" classname="com.google.common.reflect.InvokableTest"/>
  <testcase classname="com.google.common.reflect.InvokableTest" time="0" name="testStaticMethod_invalidReturning"/>
  <testcase time="0" name="testStaticMethod_parameters" classname="com.google.common.reflect.InvokableTest"/>
  <testcase name="testStaticFinalMethod_isFinal" time="0.001" classname="com.google.common.reflect.InvokableTest"/>
  <testcase name="testConstructor_exceptionTypes" time="0" classname="com.google.common.reflect.InvokableTest"/>
  <testcase time="0" classname="com.google.common.reflect.InvokableTest" name="testGetOwnerType_method"/>
  <testcase name="testStaticMethod_typeParameters" classname="com.google.common.reflect.InvokableTest" time="0"/>
  <testcase classname="com.google.common.reflect.InvokableTest" name="testConstructor_returnType" time="0"/>
  <testcase name="testInstanceMethod_returningRawType" time="0" classname="com.google.common.reflect.InvokableTest"/>
  <testcase time="0" name="testSynchronizedMethod" classname="com.google.common.reflect.InvokableTest"/>
  <testcase time="0" classname="com.google.common.reflect.InvokableTest" name="testLocalClassInStaticInitializer"/>
  <testcase time="0.003" classname="com.google.common.reflect.InvokableTest" name="testInstanceMethod_exceptionTypes">
    <failure type="junit.framework.AssertionFailedError" message="expected:&lt;[java.lang.IllegalArgumentException, java.lang.NullPointerException]&gt; but was:&lt;[java.lang.NullPointerException, java.lang.IllegalArgumentException]&gt;">junit.framework.AssertionFailedError: expected:&lt;[java.lang.IllegalArgumentException, java.lang.NullPointerException]&gt; but was:&lt;[java.lang.NullPointerException, java.lang.IllegalArgumentException]&gt;
	at junit.framework.Assert.fail(Assert.java:57)
	at junit.framework.Assert.failNotEquals(Assert.java:329)
	at junit.framework.Assert.assertEquals(Assert.java:78)
	at junit.framework.Assert.assertEquals(Assert.java:86)
	at junit.framework.TestCase.assertEquals(TestCase.java:246)
	at com.google.common.reflect.InvokableTest.testInstanceMethod_exceptionTypes(InvokableTest.java:369)
	at java.base/jdk.internal.reflect.NativeMethodAccessorImpl.invoke0(Native Method)
	at java.base/jdk.internal.reflect.NativeMethodAccessorImpl.invoke(NativeMethodAccessorImpl.java:62)
	at java.base/jdk.internal.reflect.DelegatingMethodAccessorImpl.invoke(DelegatingMethodAccessorImpl.java:43)
	at java.base/java.lang.reflect.Method.invoke(Method.java:566)
	at junit.framework.TestCase.runTest(TestCase.java:177)
	at junit.framework.TestCase.runBare(TestCase.java:142)
	at junit.framework.TestResult$1.protect(TestResult.java:122)
	at junit.framework.TestResult.runProtected(TestResult.java:142)
	at junit.framework.TestResult.run(TestResult.java:125)
	at junit.framework.TestCase.run(TestCase.java:130)
	at junit.framework.TestSuite.runTest(TestSuite.java:241)
	at junit.framework.TestSuite.run(TestSuite.java:236)
	at org.junit.internal.runners.JUnit38ClassRunner.run(JUnit38ClassRunner.java:90)
	at org.apache.maven.surefire.junit4.JUnit4TestSet.execute(JUnit4TestSet.java:35)
	at org.apache.maven.surefire.junit4.JUnit4Provider.executeTestSet(JUnit4Provider.java:115)
	at org.apache.maven.surefire.junit4.JUnit4Provider.invoke(JUnit4Provider.java:97)
	at java.base/jdk.internal.reflect.NativeMethodAccessorImpl.invoke0(Native Method)
	at java.base/jdk.internal.reflect.NativeMethodAccessorImpl.invoke(NativeMethodAccessorImpl.java:62)
	at java.base/jdk.internal.reflect.DelegatingMethodAccessorImpl.invoke(DelegatingMethodAccessorImpl.java:43)
	at java.base/java.lang.reflect.Method.invoke(Method.java:566)
	at org.apache.maven.surefire.booter.ProviderFactory$ClassLoaderProxy.invoke(ProviderFactory.java:103)
	at com.sun.proxy.$Proxy0.invoke(Unknown Source)
	at org.apache.maven.surefire.booter.SurefireStarter.invokeProvider(SurefireStarter.java:150)
	at org.apache.maven.surefire.booter.SurefireStarter.runSuitesInProcess(SurefireStarter.java:91)
	at org.apache.maven.surefire.booter.ForkedBooter.main(ForkedBooter.java:69)
</failure>
  </testcase>
  <testcase classname="com.google.common.reflect.InvokableTest" time="0.001" name="testLocalClassInInstanceInitializer"/>
  <testcase classname="com.google.common.reflect.InvokableTest" time="0" name="testStaticMethod_returnType"/>
  <testcase name="testLocalClassDefaultConstructor" classname="com.google.common.reflect.InvokableTest" time="0"/>
  <testcase time="0" name="testInnerClassDefaultConstructor" classname="com.google.common.reflect.InvokableTest"/>
  <testcase classname="com.google.common.reflect.InvokableTest" time="0" name="testAbstractMethod"/>
  <testcase time="0" name="testNestedInnerClassDefaultConstructor" classname="com.google.common.reflect.InvokableTest"/>
  <testcase name="testLocalClassWithOneParameterConstructor" classname="com.google.common.reflect.InvokableTest" time="0.001"/>
  <testcase name="testConstructor_returnType_hasTypeParameter" classname="com.google.common.reflect.InvokableTest" time="0"/>
  <testcase name="testStaticMethod_exceptionTypes" time="0" classname="com.google.common.reflect.InvokableTest"/>
  <testcase classname="com.google.common.reflect.InvokableTest" time="0.001" name="testLocalClassWithGenericConstructorParameter"/>
  <testcase time="0" name="testInnerClassWithAnnotatedConstructorParameter" classname="com.google.common.reflect.InvokableTest"/>
  <testcase name="testStaticMethod_returningRawType" time="0.001" classname="com.google.common.reflect.InvokableTest"/>
  <testcase name="testStaticMethod_call" classname="com.google.common.reflect.InvokableTest" time="0"/>
  <testcase name="testFinalMethod" classname="com.google.common.reflect.InvokableTest" time="0"/>
  <testcase time="0.005" name="testEquals" classname="com.google.common.reflect.InvokableTest"/>
  <testcase time="0" classname="com.google.common.reflect.InvokableTest" name="testProtectedMethod"/>
  <testcase classname="com.google.common.reflect.InvokableTest" name="testAnonymousClassWithTwoParametersConstructor" time="0.001"/>
  <testcase name="testStaticMethod_returning" classname="com.google.common.reflect.InvokableTest" time="0.001"/>
  <testcase time="0" classname="com.google.common.reflect.InvokableTest" name="testInstanceMethod_call"/>
  <testcase classname="com.google.common.reflect.InvokableTest" time="0" name="testConstructor"/>
  <testcase classname="com.google.common.reflect.InvokableTest" time="0.001" name="testInstanceMethod_parameters"/>
  <testcase classname="com.google.common.reflect.InvokableTest" time="0.003" name="testApiCompatibleWithAccessibleObject"/>
</testsuite>