<?xml version="1.0" encoding="UTF-8"?>
<testsuite xmlns:xsi="http://www.w3.org/2001/XMLSchema-instance" xsi:noNamespaceSchemaLocation="https://maven.apache.org/surefire/maven-surefire-plugin/xsd/surefire-test-report.xsd" version="3.0.2" name="com.google.common.reflect.InvokableTest" time="0.307" tests="62" errors="0" skipped="0" failures="0">
  <properties>
[...]
</properties>
  <testcase name="testOverridableMethod" classname="com.google.common.reflect.InvokableTest" time="0.036"/>
  <testcase name="testAnonymousClassInConstructor" classname="com.google.common.reflect.InvokableTest" time="0.001"/>
  <testcase name="testPrivateMethod" classname="com.google.common.reflect.InvokableTest" time="0.0"/>
  <testcase name="testMethod_isVarArgs" classname="com.google.common.reflect.InvokableTest" time="0.001"/>
  <testcase name="testUnannotatedMethod" classname="com.google.common.reflect.InvokableTest" time="0.001"/>
  <testcase name="testConstructor_returning" classname="com.google.common.reflect.InvokableTest" time="0.011"/>
  <testcase name="testNonFinalMethodInFinalClass_isOverridable" classname="com.google.common.reflect.InvokableTest" time="0.0"/>
  <testcase name="testInstanceMethod_invalidReturning" classname="com.google.common.reflect.InvokableTest" time="0.012"/>
  <testcase name="testStaticMethod_isOverridable" classname="com.google.common.reflect.InvokableTest" time="0.0"/>
  <testcase name="testLocalClassWithSeeminglyHiddenThisInStaticInitializer_bug" classname="com.google.common.reflect.InvokableTest" time="0.001"/>
  <testcase name="testInstanceMethod_returnType" classname="com.google.common.reflect.InvokableTest" time="0.0"/>
  <testcase name="testAnonymousClassDefaultConstructor" classname="com.google.common.reflect.InvokableTest" time="0.001"/>
  <testcase name="testConstructor_call" classname="com.google.common.reflect.InvokableTest" time="0.0"/>
  <testcase name="testConstructor_isVarArgs" classname="com.google.common.reflect.InvokableTest" time="0.0"/>
  <testcase name="testNulls" classname="com.google.common.reflect.InvokableTest" time="0.168"/>
  <testcase name="testConstructor_typeParameters" classname="com.google.common.reflect.InvokableTest" time="0.002"/>
  <testcase name="testNativeMethod" classname="com.google.common.reflect.InvokableTest" time="0.0"/>
  <testcase name="testConstructor_parameters" classname="com.google.common.reflect.InvokableTest" time="0.005"/>
  <testcase name="testInstanceMethod_returning" classname="com.google.common.reflect.InvokableTest" time="0.001"/>
  <testcase name="testInnerClassWithOneParameterConstructor" classname="com.google.common.reflect.InvokableTest" time="0.001"/>
  <testcase name="testLocalClassWithAnnotatedConstructorParameter" classname="com.google.common.reflect.InvokableTest" time="0.0"/>
  <testcase name="testConstructor_invalidReturning" classname="com.google.common.reflect.InvokableTest" time="0.001"/>
  <testcase name="testInstanceMethod_typeParameters" classname="com.google.common.reflect.InvokableTest" time="0.0"/>
  <testcase name="testInnerClassWithGenericConstructorParameter" classname="com.google.common.reflect.InvokableTest" time="0.0"/>
  <testcase name="testStaticAnonymousClassDefaultConstructor" classname="com.google.common.reflect.InvokableTest" time="0.0"/>
  <testcase name="testPrivateFinalInstanceMethod_isOverridable" classname="com.google.common.reflect.InvokableTest" time="0.0"/>
  <testcase name="testGetOwnerType_constructor" classname="com.google.common.reflect.InvokableTest" time="0.001"/>
  <testcase name="testPrivateInstanceMethod_isOverridable" classname="com.google.common.reflect.InvokableTest" time="0.0"/>
  <testcase name="testStaticMethod_invalidReturning" classname="com.google.common.reflect.InvokableTest" time="0.0"/>
  <testcase name="testStaticMethod_parameters" classname="com.google.common.reflect.InvokableTest" time="0.001"/>
  <testcase name="testStaticFinalMethod_isFinal" classname="com.google.common.reflect.InvokableTest" time="0.0"/>
  <testcase name="testConstructor_exceptionTypes" classname="com.google.common.reflect.InvokableTest" time="0.0"/>
  <testcase name="testGetOwnerType_method" classname="com.google.common.reflect.InvokableTest" time="0.001"/>
  <testcase name="testStaticMethod_typeParameters" classname="com.google.common.reflect.InvokableTest" time="0.001"/>
  <testcase name="testConstructor_returnType" classname="com.google.common.reflect.InvokableTest" time="0.0"/>
  <testcase name="testInstanceMethod_returningRawType" classname="com.google.common.reflect.InvokableTest" time="0.001"/>
  <testcase name="testSynchronizedMethod" classname="com.google.common.reflect.InvokableTest" time="0.0"/>
  <testcase name="testLocalClassInStaticInitializer" classname="com.google.common.reflect.InvokableTest" time="0.001"/>
  <testcase name="testInstanceMethod_exceptionTypes" classname="com.google.common.reflect.InvokableTest" time="0.0"/>
  <testcase name="testLocalClassInInstanceInitializer" classname="com.google.common.reflect.InvokableTest" time="0.001"/>
  <testcase name="testStaticMethod_returnType" classname="com.google.common.reflect.InvokableTest" time="0.0"/>
  <testcase name="testLocalClassDefaultConstructor" classname="com.google.common.reflect.InvokableTest" time="0.001"/>
  <testcase name="testInnerClassDefaultConstructor" classname="com.google.common.reflect.InvokableTest" time="0.001"/>
  <testcase name="testAbstractMethod" classname="com.google.common.reflect.InvokableTest" time="0.0"/>
  <testcase name="testNestedInnerClassDefaultConstructor" classname="com.google.common.reflect.InvokableTest" time="0.001"/>
  <testcase name="testLocalClassWithOneParameterConstructor" classname="com.google.common.reflect.InvokableTest" time="0.0"/>
  <testcase name="testConstructor_returnType_hasTypeParameter" classname="com.google.common.reflect.InvokableTest" time="0.0"/>
  <testcase name="testStaticMethod_exceptionTypes" classname="com.google.common.reflect.InvokableTest" time="0.0"/>
  <testcase name="testLocalClassWithGenericConstructorParameter" classname="com.google.common.reflect.InvokableTest" time="0.0"/>
  <testcase name="testInnerClassWithAnnotatedConstructorParameter" classname="com.google.common.reflect.InvokableTest" time="0.0"/>
  <testcase name="testStaticMethod_returningRawType" classname="com.google.common.reflect.InvokableTest" time="0.001"/>
  <testcase name="testStaticMethod_call" classname="com.google.common.reflect.InvokableTest" time="0.0"/>
  <testcase name="testFinalMethod" classname="com.google.common.reflect.InvokableTest" time="0.0"/>
  <testcase name="testEquals" classname="com.google.common.reflect.InvokableTest" time="0.003"/>
  <testcase name="testProtectedMethod" classname="com.google.common.reflect.InvokableTest" time="0.0"/>
  <testcase name="testAnonymousClassWithTwoParametersConstructor" classname="com.google.common.reflect.InvokableTest" time="0.001"/>
  <testcase name="testStaticMethod_returning" classname="com.google.common.reflect.InvokableTest" time="0.0"/>
  <testcase name="testInstanceMethod_call" classname="com.google.common.reflect.InvokableTest" time="0.001"/>
  <testcase name="testConstructor_isOverridable" classname="com.google.common.reflect.InvokableTest" time="0.0"/>
  <testcase name="testConstructor" classname="com.google.common.reflect.InvokableTest" time="0.0"/>
  <testcase name="testInstanceMethod_parameters" classname="com.google.common.reflect.InvokableTest" time="0.001"/>
  <testcase name="testApiCompatibleWithAccessibleObject" classname="com.google.common.reflect.InvokableTest" time="0.004"/>
</testsuite>