<?xml version="1.0" encoding="UTF-8" ?>
<testsuite failures="0" tests="62" skipped="0" name="com.google.common.reflect.InvokableTest" errors="0" time="0.517">
  <properties>
[...]
</properties>
  <testcase name="testOverridableMethod" time="0.007" classname="com.google.common.reflect.InvokableTest"/>
  <testcase time="0.009" name="testAnonymousClassInConstructor" classname="com.google.common.reflect.InvokableTest"/>
  <testcase time="0" name="testPrivateMethod" classname="com.google.common.reflect.InvokableTest"/>
  <testcase time="0" classname="com.google.common.reflect.InvokableTest" name="testMethod_isVarArgs"/>
  <testcase name="testUnannotatedMethod" classname="com.google.common.reflect.InvokableTest" time="0"/>
  <testcase name="testConstructor_returning" classname="com.google.common.reflect.InvokableTest" time="0.011"/>
  <testcase name="testNonFinalMethodInFinalClass_isOverridable" classname="com.google.common.reflect.InvokableTest" time="0.001"/>
  <testcase time="0.014" classname="com.google.common.reflect.InvokableTest" name="testInstanceMethod_invalidReturning"/>
  <testcase name="testStaticMethod_isOverridable" classname="com.google.common.reflect.InvokableTest" time="0"/>
  <testcase classname="com.google.common.reflect.InvokableTest" time="0" name="testLocalClassWithSeeminglyHiddenThisInStaticInitializer_BUG"/>
  <testcase classname="com.google.common.reflect.InvokableTest" name="testInstanceMethod_returnType" time="0"/>
  <testcase name="testAnonymousClassDefaultConstructor" classname="com.google.common.reflect.InvokableTest" time="0"/>
  <testcase name="testConstructor_call" time="0" classname="com.google.common.reflect.InvokableTest"/>
  <testcase name="testConstructor_isVarArgs" time="0" classname="com.google.common.reflect.InvokableTest"/>
  <testcase classname="com.google.common.reflect.InvokableTest" time="0.403" name="testNulls"/>
  <testcase classname="com.google.common.reflect.InvokableTest" time="0.009" name="testConstructor_typeParameters"/>
  <testcase time="0" name="testNativeMethod" classname="com.google.common.reflect.InvokableTest"/>
  <testcase name="testConstructor_parameters" time="0.004" classname="com.google.common.reflect.InvokableTest"/>
  <testcase classname="com.google.common.reflect.InvokableTest" name="testInstanceMethod_returning" time="0.001"/>
  <testcase name="testConstructor_isOverridablel" time="0.001" classname="com.google.common.reflect.InvokableTest"/>
  <testcase time="0.001" classname="com.google.common.reflect.InvokableTest" name="testInnerClassWithOneParameterConstructor"/>
  <testcase time="0" classname="com.google.common.reflect.InvokableTest" name="testLocalClassWithAnnotatedConstructorParameter"/>
  <testcase name="testConstructor_invalidReturning" time="0" classname="com.google.common.reflect.InvokableTest"/>
  <testcase time="0" classname="com.google.common.reflect.InvokableTest" name="testInstanceMethod_typeParameters"/>
  <testcase name="testInnerClassWithGenericConstructorParameter" time="0.001" classname="com.google.common.reflect.InvokableTest"/>
  <testcase time="0" name="testStaticAnonymousClassDefaultConstructor" classname="com.google.common.reflect.InvokableTest"/>
  <testcase time="0" classname="com.google.common.reflect.InvokableTest" name="testPrivateFinalInstanceMethod_isOverridable"/>
  <testcase time="0" classname="com.google.common.reflect.InvokableTest" name="testGetOwnerType_constructor"/>
  <testcase classname="com.google.common.reflect.InvokableTest" time="0" name="testPrivateInstanceMethod_isOverridable"/>
  <testcase classname="com.google.common.reflect.InvokableTest" time="0" name="testStaticMethod_invalidReturning"/>
  <testcase classname="com.google.common.reflect.InvokableTest" time="0.001" name="testStaticMethod_parameters"/>
  <testcase time="0" classname="com.google.common.reflect.InvokableTest" name="testStaticFinalMethod_isFinal"/>
  <testcase name="testConstructor_exceptionTypes" time="0" classname="com.google.common.reflect.InvokableTest"/>
  <testcase classname="com.google.common.reflect.InvokableTest" name="testGetOwnerType_method" time="0"/>
  <testcase classname="com.google.common.reflect.InvokableTest" time="0" name="testStaticMethod_typeParameters"/>
  <testcase time="0" name="testConstructor_returnType" classname="com.google.common.reflect.InvokableTest"/>
  <testcase classname="com.google.common.reflect.InvokableTest" name="testInstanceMethod_returningRawType" time="0"/>
  <testcase classname="com.google.common.reflect.InvokableTest" name="testSynchronizedMethod" time="0"/>
  <testcase time="0" name="testLocalClassInStaticInitializer" classname="com.google.common.reflect.InvokableTest"/>
  <testcase time="0.001" name="testInstanceMethod_exceptionTypes" classname="com.google.common.reflect.InvokableTest"/>
  <testcase time="0.001" name="testLocalClassInInstanceInitializer" classname="com.google.common.reflect.InvokableTest"/>
  <testcase name="testStaticMethod_returnType" time="0" classname="com.google.common.reflect.InvokableTest"/>
  <testcase time="0" name="testLocalClassDefaultConstructor" classname="com.google.common.reflect.InvokableTest"/>
  <testcase name="testInnerClassDefaultConstructor" time="0" classname="com.google.common.reflect.InvokableTest"/>
  <testcase name="testAbstractMethod" classname="com.google.common.reflect.InvokableTest" time="0.001"/>
  <testcase classname="com.google.common.reflect.InvokableTest" name="testNestedInnerClassDefaultConstructor" time="0"/>
  <testcase name="testLocalClassWithOneParameterConstructor" time="0" classname="com.google.common.reflect.InvokableTest"/>
  <testcase time="0.002" classname="com.google.common.reflect.InvokableTest" name="testConstructor_returnType_hasTypeParameter"/>
  <testcase classname="com.google.common.reflect.InvokableTest" time="0" name="testStaticMethod_exceptionTypes"/>
  <testcase time="0" name="testLocalClassWithGenericConstructorParameter" classname="com.google.common.reflect.InvokableTest"/>
  <testcase time="0" name="testInnerClassWithAnnotatedConstructorParameter" classname="com.google.common.reflect.InvokableTest"/>
  <testcase name="testStaticMethod_returningRawType" classname="com.google.common.reflect.InvokableTest" time="0.001"/>
  <testcase time="0" name="testStaticMethod_call" classname="com.google.common.reflect.InvokableTest"/>
  <testcase name="testFinalMethod" classname="com.google.common.reflect.InvokableTest" time="0"/>
  <testcase classname="com.google.common.reflect.InvokableTest" name="testEquals" time="0.001"/>
  <testcase classname="com.google.common.reflect.InvokableTest" time="0" name="testProtectedMethod"/>
  <testcase name="testAnonymousClassWithTwoParametersConstructor" classname="com.google.common.reflect.InvokableTest" time="0"/>
  <testcase name="testStaticMethod_returning" classname="com.google.common.reflect.InvokableTest" time="0"/>
  <testcase classname="com.google.common.reflect.InvokableTest" time="0" name="testInstanceMethod_call"/>
  <testcase time="0" classname="com.google.common.reflect.InvokableTest" name="testConstructor"/>
  <testcase name="testInstanceMethod_parameters" time="0.001" classname="com.google.common.reflect.InvokableTest"/>
  <testcase classname="com.google.common.reflect.InvokableTest" time="0.003" name="testApiCompatibleWithAccessibleObject"/>
</testsuite>