<?xml version="1.0" encoding="UTF-8" ?>
<testsuite errors="0" skipped="0" tests="52" name="com.google.common.reflect.InvokableTest" time="0.229" failures="1">
  <properties>
[...]
</properties>
  <testcase time="0.016" name="testAnonymousClassInConstructor" classname="com.google.common.reflect.InvokableTest"/>
  <testcase name="testMethod_isVarArgs" time="0" classname="com.google.common.reflect.InvokableTest"/>
  <testcase time="0.016" classname="com.google.common.reflect.InvokableTest" name="testConstructor_returning"/>
  <testcase time="0" name="testNonFinalMethodInFinalClass_isOverridable" classname="com.google.common.reflect.InvokableTest"/>
  <testcase name="testInstanceMethod_invalidReturning" classname="com.google.common.reflect.InvokableTest" time="0.02"/>
  <testcase time="0" classname="com.google.common.reflect.InvokableTest" name="testStaticMethod_isOverridable"/>
  <testcase time="0.001" classname="com.google.common.reflect.InvokableTest" name="testLocalClassWithSeeminglyHiddenThisInStaticInitializer_BUG"/>
  <testcase time="0.002" classname="com.google.common.reflect.InvokableTest" name="testInstanceMethod_returnType"/>
  <testcase time="0" classname="com.google.common.reflect.InvokableTest" name="testAnonymousClassDefaultConstructor"/>
  <testcase time="0" classname="com.google.common.reflect.InvokableTest" name="testConstructor_call"/>
  <testcase name="testConstructor_isVarArgs" classname="com.google.common.reflect.InvokableTest" time="0"/>
  <testcase classname="com.google.common.reflect.InvokableTest" time="0.096" name="testNulls"/>
  <testcase name="testConstructor_typeParameters" classname="com.google.common.reflect.InvokableTest" time="0.007"/>
  <testcase name="testConstructor_parameters" classname="com.google.common.reflect.InvokableTest" time="0.004"/>
  <testcase classname="com.google.common.reflect.InvokableTest" name="testInstanceMethod_returning" time="0.001"/>
  <testcase classname="com.google.common.reflect.InvokableTest" name="testConstructor_isOverridablel" time="0"/>
  <testcase time="0" classname="com.google.common.reflect.InvokableTest" name="testInnerClassWithOneParameterConstructor"/>
  <testcase name="testLocalClassWithAnnotatedConstructorParameter" classname="com.google.common.reflect.InvokableTest" time="0.005"/>
  <testcase classname="com.google.common.reflect.InvokableTest" name="testConstructor_invalidReturning" time="0"/>
  <testcase time="0" classname="com.google.common.reflect.InvokableTest" name="testInstanceMethod_typeParameters"/>
  <testcase time="0" name="testInnerClassWithGenericConstructorParameter" classname="com.google.common.reflect.InvokableTest"/>
  <testcase time="0.001" classname="com.google.common.reflect.InvokableTest" name="testStaticAnonymousClassDefaultConstructor"/>
  <testcase classname="com.google.common.reflect.InvokableTest" time="0" name="testPrivateFinalInstanceMethod_isOverridable"/>
  <testcase name="testGetOwnerType_constructor" classname="com.google.common.reflect.InvokableTest" time="0.001"/>
  <testcase time="0" name="testPrivateInstanceMethod_isOverridable" classname="com.google.common.reflect.InvokableTest"/>
  <testcase classname="com.google.common.reflect.InvokableTest" time="0" name="testStaticMethod_invalidReturning"/>
  <testcase name="testStaticMethod_parameters" time="0" classname="com.google.common.reflect.InvokableTest"/>
  <testcase name="testStaticFinalMethod_isFinal" classname="com.google.common.reflect.InvokableTest" time="0"/>
  <testcase time="0" name="testConstructor_exceptionTypes" classname="com.google.common.reflect.InvokableTest"/>
  <testcase classname="com.google.common.reflect.InvokableTest" time="0" name="testGetOwnerType_method"/>
  <testcase name="testStaticMethod_typeParameters" classname="com.google.common.reflect.InvokableTest" time="0"/>
  <testcase time="0" name="testConstructor_returnType" classname="com.google.common.reflect.InvokableTest"/>
  <testcase name="testInstanceMethod_returningRawType" time="0" classname="com.google.common.reflect.InvokableTest"/>
  <testcase name="testLocalClassInStaticInitializer" time="0" classname="com.google.common.reflect.InvokableTest"/>
  <testcase time="0.006" classname="com.google.common.reflect.InvokableTest" name="testInstanceMethod_exceptionTypes">
    <failure message="expected:&lt;[java.lang.IllegalArgumentException, java.lang.NullPointerException]&gt; but was:&lt;[java.lang.NullPointerException, java.lang.IllegalArgumentException]&gt;" type="junit.framework.AssertionFailedError">junit.framework.AssertionFailedError: expected:&lt;[java.lang.IllegalArgumentException, java.lang.NullPointerException]&gt; but was:&lt;[java.lang.NullPointerException, java.lang.IllegalArgumentException]&gt;
	at junit.framework.Assert.fail(Assert.java:57)
	at junit.framework.Assert.failNotEquals(Assert.java:329)
	at junit.framework.Assert.assertEquals(Assert.java:78)
	at junit.framework.Assert.assertEquals(Assert.java:86)
	at junit.framework.TestCase.assertEquals(TestCase.java:253)
	at com.google.common.reflect.InvokableTest.testInstanceMethod_exceptionTypes(InvokableTest.java:192)
	at sun.reflect.NativeMethodAccessorImpl.invoke0(Native Method)
	at sun.reflect.NativeMethodAccessorImpl.invoke(NativeMethodAccessorImpl.java:62)
	at sun.reflect.DelegatingMethodAccessorImpl.invoke(DelegatingMethodAccessorImpl.java:43)
	at java.lang.reflect.Method.invoke(Method.java:498)
	at junit.framework.TestCase.runTest(TestCase.java:176)
	at junit.framework.TestCase.runBare(TestCase.java:141)
	at junit.framework.TestResult$1.protect(TestResult.java:122)
	at junit.framework.TestResult.runProtected(TestResult.java:142)
	at junit.framework.TestResult.run(TestResult.java:125)
	at junit.framework.TestCase.run(TestCase.java:129)
	at junit.framework.TestSuite.runTest(TestSuite.java:255)
	at junit.framework.TestSuite.run(TestSuite.java:250)
	at org.junit.internal.runners.JUnit38ClassRunner.run(JUnit38ClassRunner.java:84)
	at org.apache.maven.surefire.junit4.JUnit4TestSet.execute(JUnit4TestSet.java:35)
	at org.apache.maven.surefire.junit4.JUnit4Provider.executeTestSet(JUnit4Provider.java:115)
	at org.apache.maven.surefire.junit4.JUnit4Provider.invoke(JUnit4Provider.java:97)
	at sun.reflect.NativeMethodAccessorImpl.invoke0(Native Method)
	at sun.reflect.NativeMethodAccessorImpl.invoke(NativeMethodAccessorImpl.java:62)
	at sun.reflect.DelegatingMethodAccessorImpl.invoke(DelegatingMethodAccessorImpl.java:43)
	at java.lang.reflect.Method.invoke(Method.java:498)
	at org.apache.maven.surefire.booter.ProviderFactory$ClassLoaderProxy.invoke(ProviderFactory.java:103)
	at com.sun.proxy.$Proxy0.invoke(Unknown Source)
	at org.apache.maven.surefire.booter.SurefireStarter.invokeProvider(SurefireStarter.java:150)
	at org.apache.maven.surefire.booter.SurefireStarter.runSuitesInProcess(SurefireStarter.java:91)
	at org.apache.maven.surefire.booter.ForkedBooter.main(ForkedBooter.java:69)
</failure>
  </testcase>
  <testcase time="0" name="testLocalClassInInstanceInitializer" classname="com.google.common.reflect.InvokableTest"/>
  <testcase classname="com.google.common.reflect.InvokableTest" name="testStaticMethod_returnType" time="0"/>
  <testcase name="testLocalClassDefaultConstructor" classname="com.google.common.reflect.InvokableTest" time="0"/>
  <testcase name="testInnerClassDefaultConstructor" classname="com.google.common.reflect.InvokableTest" time="0"/>
  <testcase classname="com.google.common.reflect.InvokableTest" name="testNestedInnerClassDefaultConstructor" time="0"/>
  <testcase classname="com.google.common.reflect.InvokableTest" name="testLocalClassWithOneParameterConstructor" time="0"/>
  <testcase time="0" classname="com.google.common.reflect.InvokableTest" name="testConstructor_returnType_hasTypeParameter"/>
  <testcase time="0" classname="com.google.common.reflect.InvokableTest" name="testStaticMethod_exceptionTypes"/>
  <testcase name="testLocalClassWithGenericConstructorParameter" time="0" classname="com.google.common.reflect.InvokableTest"/>
  <testcase name="testInnerClassWithAnnotatedConstructorParameter" time="0" classname="com.google.common.reflect.InvokableTest"/>
  <testcase classname="com.google.common.reflect.InvokableTest" time="0.005" name="testStaticMethod_returningRawType"/>
  <testcase classname="com.google.common.reflect.InvokableTest" time="0" name="testStaticMethod_call"/>
  <testcase time="0" name="testEquals" classname="com.google.common.reflect.InvokableTest"/>
  <testcase name="testAnonymousClassWithTwoParametersConstructor" time="0" classname="com.google.common.reflect.InvokableTest"/>
  <testcase time="0" name="testStaticMethod_returning" classname="com.google.common.reflect.InvokableTest"/>
  <testcase classname="com.google.common.reflect.InvokableTest" time="0" name="testInstanceMethod_call"/>
  <testcase time="0.003" name="testInstanceMethod_parameters" classname="com.google.common.reflect.InvokableTest"/>
</testsuite>