<?xml version="1.0" encoding="UTF-8" ?>
<testsuite skipped="0" tests="52" time="0.171" errors="0" failures="0" name="com.google.common.reflect.InvokableTest">
  <properties>
[...]
</properties>
  <testcase time="0.011" classname="com.google.common.reflect.InvokableTest" name="testAnonymousClassInConstructor"/>
  <testcase time="0" name="testMethod_isVarArgs" classname="com.google.common.reflect.InvokableTest"/>
  <testcase time="0.004" classname="com.google.common.reflect.InvokableTest" name="testConstructor_returning"/>
  <testcase name="testNonFinalMethodInFinalClass_isOverridable" classname="com.google.common.reflect.InvokableTest" time="0"/>
  <testcase name="testInstanceMethod_invalidReturning" classname="com.google.common.reflect.InvokableTest" time="0.03"/>
  <testcase name="testStaticMethod_isOverridable" classname="com.google.common.reflect.InvokableTest" time="0"/>
  <testcase time="0.002" classname="com.google.common.reflect.InvokableTest" name="testLocalClassWithSeeminglyHiddenThisInStaticInitializer_BUG"/>
  <testcase classname="com.google.common.reflect.InvokableTest" name="testInstanceMethod_returnType" time="0"/>
  <testcase name="testAnonymousClassDefaultConstructor" classname="com.google.common.reflect.InvokableTest" time="0"/>
  <testcase name="testConstructor_call" time="0" classname="com.google.common.reflect.InvokableTest"/>
  <testcase name="testConstructor_isVarArgs" time="0" classname="com.google.common.reflect.InvokableTest"/>
  <testcase name="testNulls" time="0.061" classname="com.google.common.reflect.InvokableTest"/>
  <testcase time="0.015" name="testConstructor_typeParameters" classname="com.google.common.reflect.InvokableTest"/>
  <testcase classname="com.google.common.reflect.InvokableTest" time="0" name="testConstructor_parameters"/>
  <testcase time="0" classname="com.google.common.reflect.InvokableTest" name="testInstanceMethod_returning"/>
  <testcase time="0" name="testConstructor_isOverridablel" classname="com.google.common.reflect.InvokableTest"/>
  <testcase classname="com.google.common.reflect.InvokableTest" name="testInnerClassWithOneParameterConstructor" time="0"/>
  <testcase classname="com.google.common.reflect.InvokableTest" time="0" name="testLocalClassWithAnnotatedConstructorParameter"/>
  <testcase classname="com.google.common.reflect.InvokableTest" name="testConstructor_invalidReturning" time="0"/>
  <testcase classname="com.google.common.reflect.InvokableTest" name="testInstanceMethod_typeParameters" time="0"/>
  <testcase time="0" name="testInnerClassWithGenericConstructorParameter" classname="com.google.common.reflect.InvokableTest"/>
  <testcase time="0" classname="com.google.common.reflect.InvokableTest" name="testStaticAnonymousClassDefaultConstructor"/>
  <testcase name="testPrivateFinalInstanceMethod_isOverridable" classname="com.google.common.reflect.InvokableTest" time="0"/>
  <testcase name="testGetOwnerType_constructor" classname="com.google.common.reflect.InvokableTest" time="0"/>
  <testcase time="0" name="testPrivateInstanceMethod_isOverridable" classname="com.google.common.reflect.InvokableTest"/>
  <testcase time="0" name="testStaticMethod_invalidReturning" classname="com.google.common.reflect.InvokableTest"/>
  <testcase name="testStaticMethod_parameters" time="0.016" classname="com.google.common.reflect.InvokableTest"/>
  <testcase classname="com.google.common.reflect.InvokableTest" name="testStaticFinalMethod_isFinal" time="0"/>
  <testcase name="testConstructor_exceptionTypes" time="0" classname="com.google.common.reflect.InvokableTest"/>
  <testcase time="0" classname="com.google.common.reflect.InvokableTest" name="testGetOwnerType_method"/>
  <testcase name="testStaticMethod_typeParameters" classname="com.google.common.reflect.InvokableTest" time="0.002"/>
  <testcase time="0" name="testConstructor_returnType" classname="com.google.common.reflect.InvokableTest"/>
  <testcase classname="com.google.common.reflect.InvokableTest" time="0" name="testInstanceMethod_returningRawType"/>
  <testcase time="0" classname="com.google.common.reflect.InvokableTest" name="testLocalClassInStaticInitializer"/>
  <testcase name="testInstanceMethod_exceptionTypes" time="0" classname="com.google.common.reflect.InvokableTest"/>
  <testcase name="testLocalClassInInstanceInitializer" time="0.002" classname="com.google.common.reflect.InvokableTest"/>
  <testcase time="0" name="testStaticMethod_returnType" classname="com.google.common.reflect.InvokableTest"/>
  <testcase name="testLocalClassDefaultConstructor" time="0" classname="com.google.common.reflect.InvokableTest"/>
  <testcase time="0" classname="com.google.common.reflect.InvokableTest" name="testInnerClassDefaultConstructor"/>
  <testcase time="0.002" name="testNestedInnerClassDefaultConstructor" classname="com.google.common.reflect.InvokableTest"/>
  <testcase name="testLocalClassWithOneParameterConstructor" classname="com.google.common.reflect.InvokableTest" time="0"/>
  <testcase time="0" classname="com.google.common.reflect.InvokableTest" name="testConstructor_returnType_hasTypeParameter"/>
  <testcase time="0" classname="com.google.common.reflect.InvokableTest" name="testStaticMethod_exceptionTypes"/>
  <testcase time="0" classname="com.google.common.reflect.InvokableTest" name="testLocalClassWithGenericConstructorParameter"/>
  <testcase time="0" classname="com.google.common.reflect.InvokableTest" name="testInnerClassWithAnnotatedConstructorParameter"/>
  <testcase time="0" classname="com.google.common.reflect.InvokableTest" name="testStaticMethod_returningRawType"/>
  <testcase name="testStaticMethod_call" classname="com.google.common.reflect.InvokableTest" time="0"/>
  <testcase classname="com.google.common.reflect.InvokableTest" time="0" name="testEquals"/>
  <testcase name="testAnonymousClassWithTwoParametersConstructor" classname="com.google.common.reflect.InvokableTest" time="0"/>
  <testcase name="testStaticMethod_returning" classname="com.google.common.reflect.InvokableTest" time="0"/>
  <testcase classname="com.google.common.reflect.InvokableTest" name="testInstanceMethod_call" time="0"/>
  <testcase classname="com.google.common.reflect.InvokableTest" name="testInstanceMethod_parameters" time="0"/>
</testsuite>