<?xml version="1.0" encoding="UTF-8" ?>
<testsuite name="com.google.common.reflect.InvokableTest" skipped="0" failures="0" tests="62" errors="0" time="0.576">
  <properties>
[...]
</properties>
  <testcase classname="com.google.common.reflect.InvokableTest" name="testOverridableMethod" time="0.007"/>
  <testcase classname="com.google.common.reflect.InvokableTest" name="testAnonymousClassInConstructor" time="0.008"/>
  <testcase name="testPrivateMethod" time="0" classname="com.google.common.reflect.InvokableTest"/>
  <testcase name="testMethod_isVarArgs" classname="com.google.common.reflect.InvokableTest" time="0"/>
  <testcase time="0" name="testUnannotatedMethod" classname="com.google.common.reflect.InvokableTest"/>
  <testcase classname="com.google.common.reflect.InvokableTest" name="testConstructor_returning" time="0.012"/>
  <testcase time="0" classname="com.google.common.reflect.InvokableTest" name="testNonFinalMethodInFinalClass_isOverridable"/>
  <testcase time="0.018" name="testInstanceMethod_invalidReturning" classname="com.google.common.reflect.InvokableTest"/>
  <testcase classname="com.google.common.reflect.InvokableTest" time="0" name="testStaticMethod_isOverridable"/>
  <testcase time="0" classname="com.google.common.reflect.InvokableTest" name="testLocalClassWithSeeminglyHiddenThisInStaticInitializer_BUG"/>
  <testcase time="0.001" name="testInstanceMethod_returnType" classname="com.google.common.reflect.InvokableTest"/>
  <testcase classname="com.google.common.reflect.InvokableTest" name="testAnonymousClassDefaultConstructor" time="0"/>
  <testcase time="0" classname="com.google.common.reflect.InvokableTest" name="testConstructor_call"/>
  <testcase time="0" name="testConstructor_isVarArgs" classname="com.google.common.reflect.InvokableTest"/>
  <testcase name="testNulls" time="0.451" classname="com.google.common.reflect.InvokableTest"/>
  <testcase name="testConstructor_typeParameters" classname="com.google.common.reflect.InvokableTest" time="0.008"/>
  <testcase classname="com.google.common.reflect.InvokableTest" time="0" name="testNativeMethod"/>
  <testcase time="0.006" name="testConstructor_parameters" classname="com.google.common.reflect.InvokableTest"/>
  <testcase name="testInstanceMethod_returning" time="0.002" classname="com.google.common.reflect.InvokableTest"/>
  <testcase time="0" classname="com.google.common.reflect.InvokableTest" name="testConstructor_isOverridablel"/>
  <testcase time="0.001" classname="com.google.common.reflect.InvokableTest" name="testInnerClassWithOneParameterConstructor"/>
  <testcase name="testLocalClassWithAnnotatedConstructorParameter" classname="com.google.common.reflect.InvokableTest" time="0"/>
  <testcase classname="com.google.common.reflect.InvokableTest" name="testConstructor_invalidReturning" time="0.001"/>
  <testcase time="0" classname="com.google.common.reflect.InvokableTest" name="testInstanceMethod_typeParameters"/>
  <testcase time="0" name="testInnerClassWithGenericConstructorParameter" classname="com.google.common.reflect.InvokableTest"/>
  <testcase time="0" name="testStaticAnonymousClassDefaultConstructor" classname="com.google.common.reflect.InvokableTest"/>
  <testcase name="testPrivateFinalInstanceMethod_isOverridable" classname="com.google.common.reflect.InvokableTest" time="0"/>
  <testcase time="0" name="testGetOwnerType_constructor" classname="com.google.common.reflect.InvokableTest"/>
  <testcase name="testPrivateInstanceMethod_isOverridable" time="0" classname="com.google.common.reflect.InvokableTest"/>
  <testcase time="0.001" classname="com.google.common.reflect.InvokableTest" name="testStaticMethod_invalidReturning"/>
  <testcase classname="com.google.common.reflect.InvokableTest" name="testStaticMethod_parameters" time="0"/>
  <testcase time="0" classname="com.google.common.reflect.InvokableTest" name="testStaticFinalMethod_isFinal"/>
  <testcase classname="com.google.common.reflect.InvokableTest" name="testConstructor_exceptionTypes" time="0"/>
  <testcase classname="com.google.common.reflect.InvokableTest" time="0.001" name="testGetOwnerType_method"/>
  <testcase classname="com.google.common.reflect.InvokableTest" time="0" name="testStaticMethod_typeParameters"/>
  <testcase classname="com.google.common.reflect.InvokableTest" time="0" name="testConstructor_returnType"/>
  <testcase classname="com.google.common.reflect.InvokableTest" name="testInstanceMethod_returningRawType" time="0"/>
  <testcase classname="com.google.common.reflect.InvokableTest" time="0" name="testSynchronizedMethod"/>
  <testcase name="testLocalClassInStaticInitializer" time="0.001" classname="com.google.common.reflect.InvokableTest"/>
  <testcase name="testInstanceMethod_exceptionTypes" time="0" classname="com.google.common.reflect.InvokableTest"/>
  <testcase time="0.001" name="testLocalClassInInstanceInitializer" classname="com.google.common.reflect.InvokableTest"/>
  <testcase name="testStaticMethod_returnType" classname="com.google.common.reflect.InvokableTest" time="0"/>
  <testcase name="testLocalClassDefaultConstructor" time="0" classname="com.google.common.reflect.InvokableTest"/>
  <testcase time="0" classname="com.google.common.reflect.InvokableTest" name="testInnerClassDefaultConstructor"/>
  <testcase name="testAbstractMethod" classname="com.google.common.reflect.InvokableTest" time="0.001"/>
  <testcase time="0" name="testNestedInnerClassDefaultConstructor" classname="com.google.common.reflect.InvokableTest"/>
  <testcase name="testLocalClassWithOneParameterConstructor" time="0" classname="com.google.common.reflect.InvokableTest"/>
  <testcase time="0.001" classname="com.google.common.reflect.InvokableTest" name="testConstructor_returnType_hasTypeParameter"/>
  <testcase classname="com.google.common.reflect.InvokableTest" time="0" name="testStaticMethod_exceptionTypes"/>
  <testcase name="testLocalClassWithGenericConstructorParameter" classname="com.google.common.reflect.InvokableTest" time="0"/>
  <testcase name="testInnerClassWithAnnotatedConstructorParameter" classname="com.google.common.reflect.InvokableTest" time="0"/>
  <testcase classname="com.google.common.reflect.InvokableTest" name="testStaticMethod_returningRawType" time="0"/>
  <testcase time="0" classname="com.google.common.reflect.InvokableTest" name="testStaticMethod_call"/>
  <testcase time="0" classname="com.google.common.reflect.InvokableTest" name="testFinalMethod"/>
  <testcase name="testEquals" classname="com.google.common.reflect.InvokableTest" time="0.001"/>
  <testcase time="0" classname="com.google.common.reflect.InvokableTest" name="testProtectedMethod"/>
  <testcase name="testAnonymousClassWithTwoParametersConstructor" time="0.001" classname="com.google.common.reflect.InvokableTest"/>
  <testcase classname="com.google.common.reflect.InvokableTest" name="testStaticMethod_returning" time="0.001"/>
  <testcase name="testInstanceMethod_call" time="0" classname="com.google.common.reflect.InvokableTest"/>
  <testcase classname="com.google.common.reflect.InvokableTest" name="testConstructor" time="0"/>
  <testcase classname="com.google.common.reflect.InvokableTest" time="0.001" name="testInstanceMethod_parameters"/>
  <testcase time="0.007" name="testApiCompatibleWithAccessibleObject" classname="com.google.common.reflect.InvokableTest"/>
</testsuite>