<?xml version="1.0" encoding="UTF-8" ?>
<testsuite time="0.538" name="com.google.common.reflect.InvokableTest" skipped="0" errors="0" failures="0" tests="62">
  <properties>
[...]
</properties>
  <testcase classname="com.google.common.reflect.InvokableTest" time="0.006" name="testOverridableMethod"/>
  <testcase classname="com.google.common.reflect.InvokableTest" time="0.006" name="testAnonymousClassInConstructor"/>
  <testcase classname="com.google.common.reflect.InvokableTest" time="0.001" name="testPrivateMethod"/>
  <testcase classname="com.google.common.reflect.InvokableTest" time="0" name="testMethod_isVarArgs"/>
  <testcase name="testUnannotatedMethod" classname="com.google.common.reflect.InvokableTest" time="0"/>
  <testcase name="testConstructor_returning" time="0.01" classname="com.google.common.reflect.InvokableTest"/>
  <testcase name="testNonFinalMethodInFinalClass_isOverridable" classname="com.google.common.reflect.InvokableTest" time="0.001"/>
  <testcase name="testInstanceMethod_invalidReturning" time="0.017" classname="com.google.common.reflect.InvokableTest"/>
  <testcase time="0" classname="com.google.common.reflect.InvokableTest" name="testStaticMethod_isOverridable"/>
  <testcase name="testLocalClassWithSeeminglyHiddenThisInStaticInitializer_BUG" time="0.001" classname="com.google.common.reflect.InvokableTest"/>
  <testcase time="0" classname="com.google.common.reflect.InvokableTest" name="testInstanceMethod_returnType"/>
  <testcase classname="com.google.common.reflect.InvokableTest" time="0" name="testAnonymousClassDefaultConstructor"/>
  <testcase time="0" classname="com.google.common.reflect.InvokableTest" name="testConstructor_call"/>
  <testcase time="0" name="testConstructor_isVarArgs" classname="com.google.common.reflect.InvokableTest"/>
  <testcase name="testNulls" classname="com.google.common.reflect.InvokableTest" time="0.423"/>
  <testcase name="testConstructor_typeParameters" classname="com.google.common.reflect.InvokableTest" time="0.009"/>
  <testcase time="0" name="testNativeMethod" classname="com.google.common.reflect.InvokableTest"/>
  <testcase classname="com.google.common.reflect.InvokableTest" name="testConstructor_parameters" time="0.005"/>
  <testcase time="0.001" name="testInstanceMethod_returning" classname="com.google.common.reflect.InvokableTest"/>
  <testcase time="0" classname="com.google.common.reflect.InvokableTest" name="testConstructor_isOverridablel"/>
  <testcase time="0.001" classname="com.google.common.reflect.InvokableTest" name="testInnerClassWithOneParameterConstructor"/>
  <testcase time="0" classname="com.google.common.reflect.InvokableTest" name="testLocalClassWithAnnotatedConstructorParameter"/>
  <testcase time="0" name="testConstructor_invalidReturning" classname="com.google.common.reflect.InvokableTest"/>
  <testcase time="0" classname="com.google.common.reflect.InvokableTest" name="testInstanceMethod_typeParameters"/>
  <testcase classname="com.google.common.reflect.InvokableTest" name="testInnerClassWithGenericConstructorParameter" time="0.001"/>
  <testcase time="0" name="testStaticAnonymousClassDefaultConstructor" classname="com.google.common.reflect.InvokableTest"/>
  <testcase time="0" classname="com.google.common.reflect.InvokableTest" name="testPrivateFinalInstanceMethod_isOverridable"/>
  <testcase classname="com.google.common.reflect.InvokableTest" name="testGetOwnerType_constructor" time="0"/>
  <testcase name="testPrivateInstanceMethod_isOverridable" classname="com.google.common.reflect.InvokableTest" time="0"/>
  <testcase time="0" classname="com.google.common.reflect.InvokableTest" name="testStaticMethod_invalidReturning"/>
  <testcase classname="com.google.common.reflect.InvokableTest" name="testStaticMethod_parameters" time="0.001"/>
  <testcase name="testStaticFinalMethod_isFinal" time="0" classname="com.google.common.reflect.InvokableTest"/>
  <testcase name="testConstructor_exceptionTypes" time="0" classname="com.google.common.reflect.InvokableTest"/>
  <testcase time="0.001" classname="com.google.common.reflect.InvokableTest" name="testGetOwnerType_method"/>
  <testcase classname="com.google.common.reflect.InvokableTest" name="testStaticMethod_typeParameters" time="0"/>
  <testcase name="testConstructor_returnType" time="0" classname="com.google.common.reflect.InvokableTest"/>
  <testcase classname="com.google.common.reflect.InvokableTest" name="testInstanceMethod_returningRawType" time="0"/>
  <testcase classname="com.google.common.reflect.InvokableTest" name="testSynchronizedMethod" time="0"/>
  <testcase time="0.002" name="testLocalClassInStaticInitializer" classname="com.google.common.reflect.InvokableTest"/>
  <testcase classname="com.google.common.reflect.InvokableTest" time="0.001" name="testInstanceMethod_exceptionTypes"/>
  <testcase classname="com.google.common.reflect.InvokableTest" name="testLocalClassInInstanceInitializer" time="0"/>
  <testcase classname="com.google.common.reflect.InvokableTest" time="0" name="testStaticMethod_returnType"/>
  <testcase time="0.001" name="testLocalClassDefaultConstructor" classname="com.google.common.reflect.InvokableTest"/>
  <testcase name="testInnerClassDefaultConstructor" time="0" classname="com.google.common.reflect.InvokableTest"/>
  <testcase time="0" classname="com.google.common.reflect.InvokableTest" name="testAbstractMethod"/>
  <testcase classname="com.google.common.reflect.InvokableTest" time="0" name="testNestedInnerClassDefaultConstructor"/>
  <testcase name="testLocalClassWithOneParameterConstructor" time="0.001" classname="com.google.common.reflect.InvokableTest"/>
  <testcase name="testConstructor_returnType_hasTypeParameter" time="0" classname="com.google.common.reflect.InvokableTest"/>
  <testcase name="testStaticMethod_exceptionTypes" time="0" classname="com.google.common.reflect.InvokableTest"/>
  <testcase time="0.001" classname="com.google.common.reflect.InvokableTest" name="testLocalClassWithGenericConstructorParameter"/>
  <testcase time="0" classname="com.google.common.reflect.InvokableTest" name="testInnerClassWithAnnotatedConstructorParameter"/>
  <testcase time="0" classname="com.google.common.reflect.InvokableTest" name="testStaticMethod_returningRawType"/>
  <testcase classname="com.google.common.reflect.InvokableTest" time="0" name="testStaticMethod_call"/>
  <testcase classname="com.google.common.reflect.InvokableTest" name="testFinalMethod" time="0"/>
  <testcase time="0.002" classname="com.google.common.reflect.InvokableTest" name="testEquals"/>
  <testcase name="testProtectedMethod" classname="com.google.common.reflect.InvokableTest" time="0"/>
  <testcase time="0" name="testAnonymousClassWithTwoParametersConstructor" classname="com.google.common.reflect.InvokableTest"/>
  <testcase classname="com.google.common.reflect.InvokableTest" name="testStaticMethod_returning" time="0.001"/>
  <testcase time="0" classname="com.google.common.reflect.InvokableTest" name="testInstanceMethod_call"/>
  <testcase name="testConstructor" time="0" classname="com.google.common.reflect.InvokableTest"/>
  <testcase name="testInstanceMethod_parameters" classname="com.google.common.reflect.InvokableTest" time="0"/>
  <testcase time="0.003" classname="com.google.common.reflect.InvokableTest" name="testApiCompatibleWithAccessibleObject"/>
</testsuite>