<?xml version="1.0" encoding="UTF-8" ?>
<testsuite name="com.google.common.reflect.InvokableTest" time="0.209" tests="52" failures="0" skipped="0" errors="0">
  <properties>
[...]
</properties>
  <testcase classname="com.google.common.reflect.InvokableTest" time="0.012" name="testAnonymousClassInConstructor"/>
  <testcase time="0" classname="com.google.common.reflect.InvokableTest" name="testMethod_isVarArgs"/>
  <testcase name="testConstructor_returning" time="0.014" classname="com.google.common.reflect.InvokableTest"/>
  <testcase time="0.001" name="testNonFinalMethodInFinalClass_isOverridable" classname="com.google.common.reflect.InvokableTest"/>
  <testcase name="testInstanceMethod_invalidReturning" classname="com.google.common.reflect.InvokableTest" time="0.02"/>
  <testcase time="0" name="testStaticMethod_isOverridable" classname="com.google.common.reflect.InvokableTest"/>
  <testcase time="0" classname="com.google.common.reflect.InvokableTest" name="testLocalClassWithSeeminglyHiddenThisInStaticInitializer_BUG"/>
  <testcase time="0" classname="com.google.common.reflect.InvokableTest" name="testInstanceMethod_returnType"/>
  <testcase name="testAnonymousClassDefaultConstructor" time="0" classname="com.google.common.reflect.InvokableTest"/>
  <testcase name="testConstructor_call" time="0" classname="com.google.common.reflect.InvokableTest"/>
  <testcase name="testConstructor_isVarArgs" time="0" classname="com.google.common.reflect.InvokableTest"/>
  <testcase name="testNulls" time="0.094" classname="com.google.common.reflect.InvokableTest"/>
  <testcase time="0.012" classname="com.google.common.reflect.InvokableTest" name="testConstructor_typeParameters"/>
  <testcase name="testConstructor_parameters" classname="com.google.common.reflect.InvokableTest" time="0.002"/>
  <testcase time="0.002" name="testInstanceMethod_returning" classname="com.google.common.reflect.InvokableTest"/>
  <testcase time="0" classname="com.google.common.reflect.InvokableTest" name="testConstructor_isOverridablel"/>
  <testcase name="testInnerClassWithOneParameterConstructor" time="0.002" classname="com.google.common.reflect.InvokableTest"/>
  <testcase time="0" classname="com.google.common.reflect.InvokableTest" name="testLocalClassWithAnnotatedConstructorParameter"/>
  <testcase time="0" classname="com.google.common.reflect.InvokableTest" name="testConstructor_invalidReturning"/>
  <testcase time="0" name="testInstanceMethod_typeParameters" classname="com.google.common.reflect.InvokableTest"/>
  <testcase classname="com.google.common.reflect.InvokableTest" name="testInnerClassWithGenericConstructorParameter" time="0"/>
  <testcase classname="com.google.common.reflect.InvokableTest" time="0" name="testStaticAnonymousClassDefaultConstructor"/>
  <testcase classname="com.google.common.reflect.InvokableTest" name="testPrivateFinalInstanceMethod_isOverridable" time="0"/>
  <testcase name="testGetOwnerType_constructor" time="0" classname="com.google.common.reflect.InvokableTest"/>
  <testcase name="testPrivateInstanceMethod_isOverridable" time="0" classname="com.google.common.reflect.InvokableTest"/>
  <testcase name="testStaticMethod_invalidReturning" time="0" classname="com.google.common.reflect.InvokableTest"/>
  <testcase classname="com.google.common.reflect.InvokableTest" time="0" name="testStaticMethod_parameters"/>
  <testcase time="0" classname="com.google.common.reflect.InvokableTest" name="testStaticFinalMethod_isFinal"/>
  <testcase name="testConstructor_exceptionTypes" classname="com.google.common.reflect.InvokableTest" time="0"/>
  <testcase name="testGetOwnerType_method" classname="com.google.common.reflect.InvokableTest" time="0"/>
  <testcase time="0" classname="com.google.common.reflect.InvokableTest" name="testStaticMethod_typeParameters"/>
  <testcase time="0" name="testConstructor_returnType" classname="com.google.common.reflect.InvokableTest"/>
  <testcase classname="com.google.common.reflect.InvokableTest" name="testInstanceMethod_returningRawType" time="0"/>
  <testcase name="testLocalClassInStaticInitializer" classname="com.google.common.reflect.InvokableTest" time="0.007"/>
  <testcase classname="com.google.common.reflect.InvokableTest" name="testInstanceMethod_exceptionTypes" time="0"/>
  <testcase time="0" classname="com.google.common.reflect.InvokableTest" name="testLocalClassInInstanceInitializer"/>
  <testcase time="0" classname="com.google.common.reflect.InvokableTest" name="testStaticMethod_returnType"/>
  <testcase name="testLocalClassDefaultConstructor" time="0" classname="com.google.common.reflect.InvokableTest"/>
  <testcase name="testInnerClassDefaultConstructor" time="0" classname="com.google.common.reflect.InvokableTest"/>
  <testcase name="testNestedInnerClassDefaultConstructor" classname="com.google.common.reflect.InvokableTest" time="0"/>
  <testcase name="testLocalClassWithOneParameterConstructor" classname="com.google.common.reflect.InvokableTest" time="0"/>
  <testcase classname="com.google.common.reflect.InvokableTest" name="testConstructor_returnType_hasTypeParameter" time="0.003"/>
  <testcase classname="com.google.common.reflect.InvokableTest" time="0" name="testStaticMethod_exceptionTypes"/>
  <testcase time="0.001" classname="com.google.common.reflect.InvokableTest" name="testLocalClassWithGenericConstructorParameter"/>
  <testcase time="0" classname="com.google.common.reflect.InvokableTest" name="testInnerClassWithAnnotatedConstructorParameter"/>
  <testcase time="0" name="testStaticMethod_returningRawType" classname="com.google.common.reflect.InvokableTest"/>
  <testcase classname="com.google.common.reflect.InvokableTest" name="testStaticMethod_call" time="0"/>
  <testcase time="0.001" name="testEquals" classname="com.google.common.reflect.InvokableTest"/>
  <testcase name="testAnonymousClassWithTwoParametersConstructor" time="0" classname="com.google.common.reflect.InvokableTest"/>
  <testcase time="0.002" name="testStaticMethod_returning" classname="com.google.common.reflect.InvokableTest"/>
  <testcase time="0" name="testInstanceMethod_call" classname="com.google.common.reflect.InvokableTest"/>
  <testcase name="testInstanceMethod_parameters" time="0.002" classname="com.google.common.reflect.InvokableTest"/>
</testsuite>