<?xml version="1.0" encoding="UTF-8" ?>
<testsuite errors="0" tests="52" skipped="0" failures="1" time="0.182" name="com.google.common.reflect.InvokableTest">
  <properties>
[...]
</properties>
  <testcase time="0" classname="com.google.common.reflect.InvokableTest" name="testAnonymousClassInConstructor"/>
  <testcase time="0.016" classname="com.google.common.reflect.InvokableTest" name="testMethod_isVarArgs"/>
  <testcase time="0.009" classname="com.google.common.reflect.InvokableTest" name="testConstructor_returning"/>
  <testcase name="testNonFinalMethodInFinalClass_isOverridable" time="0" classname="com.google.common.reflect.InvokableTest"/>
  <testcase classname="com.google.common.reflect.InvokableTest" name="testInstanceMethod_invalidReturning" time="0.007"/>
  <testcase classname="com.google.common.reflect.InvokableTest" name="testStaticMethod_isOverridable" time="0"/>
  <testcase name="testLocalClassWithSeeminglyHiddenThisInStaticInitializer_BUG" time="0" classname="com.google.common.reflect.InvokableTest"/>
  <testcase classname="com.google.common.reflect.InvokableTest" name="testInstanceMethod_returnType" time="0.015"/>
  <testcase name="testAnonymousClassDefaultConstructor" time="0" classname="com.google.common.reflect.InvokableTest"/>
  <testcase classname="com.google.common.reflect.InvokableTest" time="0" name="testConstructor_call"/>
  <testcase classname="com.google.common.reflect.InvokableTest" time="0" name="testConstructor_isVarArgs"/>
  <testcase time="0.081" name="testNulls" classname="com.google.common.reflect.InvokableTest"/>
  <testcase name="testConstructor_typeParameters" classname="com.google.common.reflect.InvokableTest" time="0.006"/>
  <testcase time="0.007" name="testConstructor_parameters" classname="com.google.common.reflect.InvokableTest"/>
  <testcase time="0" classname="com.google.common.reflect.InvokableTest" name="testInstanceMethod_returning"/>
  <testcase classname="com.google.common.reflect.InvokableTest" time="0" name="testConstructor_isOverridablel"/>
  <testcase time="0" classname="com.google.common.reflect.InvokableTest" name="testInnerClassWithOneParameterConstructor"/>
  <testcase classname="com.google.common.reflect.InvokableTest" time="0" name="testLocalClassWithAnnotatedConstructorParameter"/>
  <testcase classname="com.google.common.reflect.InvokableTest" time="0" name="testConstructor_invalidReturning"/>
  <testcase time="0" name="testInstanceMethod_typeParameters" classname="com.google.common.reflect.InvokableTest"/>
  <testcase classname="com.google.common.reflect.InvokableTest" name="testInnerClassWithGenericConstructorParameter" time="0"/>
  <testcase classname="com.google.common.reflect.InvokableTest" time="0" name="testStaticAnonymousClassDefaultConstructor"/>
  <testcase classname="com.google.common.reflect.InvokableTest" name="testPrivateFinalInstanceMethod_isOverridable" time="0"/>
  <testcase name="testGetOwnerType_constructor" time="0" classname="com.google.common.reflect.InvokableTest"/>
  <testcase classname="com.google.common.reflect.InvokableTest" name="testPrivateInstanceMethod_isOverridable" time="0"/>
  <testcase classname="com.google.common.reflect.InvokableTest" time="0" name="testStaticMethod_invalidReturning"/>
  <testcase classname="com.google.common.reflect.InvokableTest" name="testStaticMethod_parameters" time="0"/>
  <testcase time="0" name="testStaticFinalMethod_isFinal" classname="com.google.common.reflect.InvokableTest"/>
  <testcase time="0" classname="com.google.common.reflect.InvokableTest" name="testConstructor_exceptionTypes"/>
  <testcase time="0" classname="com.google.common.reflect.InvokableTest" name="testGetOwnerType_method"/>
  <testcase classname="com.google.common.reflect.InvokableTest" time="0" name="testStaticMethod_typeParameters"/>
  <testcase classname="com.google.common.reflect.InvokableTest" time="0" name="testConstructor_returnType"/>
  <testcase classname="com.google.common.reflect.InvokableTest" time="0" name="testInstanceMethod_returningRawType"/>
  <testcase classname="com.google.common.reflect.InvokableTest" name="testLocalClassInStaticInitializer" time="0"/>
  <testcase name="testInstanceMethod_exceptionTypes" classname="com.google.common.reflect.InvokableTest" time="0">
    <failure message="expected:&lt;[java.lang.IllegalArgumentException, java.lang.NullPointerException]&gt; but was:&lt;[java.lang.NullPointerException, java.lang.IllegalArgumentException]&gt;" type="junit.framework.AssertionFailedError">junit.framework.AssertionFailedError: expected:&lt;[java.lang.IllegalArgumentException, java.lang.NullPointerException]&gt; but was:&lt;[java.lang.NullPointerException, java.lang.IllegalArgumentException]&gt;
	at junit.framework.Assert.fail(Assert.java:57)
	at junit.framework.Assert.failNotEquals(Assert.java:329)
	at junit.framework.Assert.assertEquals(Assert.java:78)
	at junit.framework.Assert.assertEquals(Assert.java:86)
	at junit.framework.TestCase.assertEquals(TestCase.java:253)
	at com.google.common.reflect.InvokableTest.testInstanceMethod_exceptionTypes(InvokableTest.java:192)
	at sun.reflect.NativeMethodAccessorImpl.invoke0(Native Method)
	at sun.reflect.NativeMethodAccessorImpl.invoke(NativeMethodAccessorImpl.java:62)
	at sun.reflect.DelegatingMethodAccessorImpl.invoke(DelegatingMethodAccessorImpl.java:43)
	at java.lang.reflect.Method.invoke(Method.java:498)
	at junit.framework.TestCase.runTest(TestCase.java:176)
	at junit.framework.TestCase.runBare(TestCase.java:141)
	at junit.framework.TestResult$1.protect(TestResult.java:122)
	at junit.framework.TestResult.runProtected(TestResult.java:142)
	at junit.framework.TestResult.run(TestResult.java:125)
	at junit.framework.TestCase.run(TestCase.java:129)
	at junit.framework.TestSuite.runTest(TestSuite.java:255)
	at junit.framework.TestSuite.run(TestSuite.java:250)
	at org.junit.internal.runners.JUnit38ClassRunner.run(JUnit38ClassRunner.java:84)
	at org.apache.maven.surefire.junit4.JUnit4TestSet.execute(JUnit4TestSet.java:35)
	at org.apache.maven.surefire.junit4.JUnit4Provider.executeTestSet(JUnit4Provider.java:115)
	at org.apache.maven.surefire.junit4.JUnit4Provider.invoke(JUnit4Provider.java:97)
	at sun.reflect.NativeMethodAccessorImpl.invoke0(Native Method)
	at sun.reflect.NativeMethodAccessorImpl.invoke(NativeMethodAccessorImpl.java:62)
	at sun.reflect.DelegatingMethodAccessorImpl.invoke(DelegatingMethodAccessorImpl.java:43)
	at java.lang.reflect.Method.invoke(Method.java:498)
	at org.apache.maven.surefire.booter.ProviderFactory$ClassLoaderProxy.invoke(ProviderFactory.java:103)
	at com.sun.proxy.$Proxy0.invoke(Unknown Source)
	at org.apache.maven.surefire.booter.SurefireStarter.invokeProvider(SurefireStarter.java:150)
	at org.apache.maven.surefire.booter.SurefireStarter.runSuitesInProcess(SurefireStarter.java:91)
	at org.apache.maven.surefire.booter.ForkedBooter.main(ForkedBooter.java:69)
</failure>
  </testcase>
  <testcase classname="com.google.common.reflect.InvokableTest" name="testLocalClassInInstanceInitializer" time="0.016"/>
  <testcase name="testStaticMethod_returnType" classname="com.google.common.reflect.InvokableTest" time="0"/>
  <testcase time="0" classname="com.google.common.reflect.InvokableTest" name="testLocalClassDefaultConstructor"/>
  <testcase classname="com.google.common.reflect.InvokableTest" time="0" name="testInnerClassDefaultConstructor"/>
  <testcase time="0" classname="com.google.common.reflect.InvokableTest" name="testNestedInnerClassDefaultConstructor"/>
  <testcase classname="com.google.common.reflect.InvokableTest" name="testLocalClassWithOneParameterConstructor" time="0.002"/>
  <testcase classname="com.google.common.reflect.InvokableTest" name="testConstructor_returnType_hasTypeParameter" time="0"/>
  <testcase name="testStaticMethod_exceptionTypes" time="0" classname="com.google.common.reflect.InvokableTest"/>
  <testcase classname="com.google.common.reflect.InvokableTest" time="0" name="testLocalClassWithGenericConstructorParameter"/>
  <testcase time="0" classname="com.google.common.reflect.InvokableTest" name="testInnerClassWithAnnotatedConstructorParameter"/>
  <testcase classname="com.google.common.reflect.InvokableTest" name="testStaticMethod_returningRawType" time="0"/>
  <testcase classname="com.google.common.reflect.InvokableTest" time="0" name="testStaticMethod_call"/>
  <testcase time="0" classname="com.google.common.reflect.InvokableTest" name="testEquals"/>
  <testcase name="testAnonymousClassWithTwoParametersConstructor" classname="com.google.common.reflect.InvokableTest" time="0"/>
  <testcase name="testStaticMethod_returning" time="0" classname="com.google.common.reflect.InvokableTest"/>
  <testcase name="testInstanceMethod_call" time="0" classname="com.google.common.reflect.InvokableTest"/>
  <testcase name="testInstanceMethod_parameters" time="0" classname="com.google.common.reflect.InvokableTest"/>
</testsuite>